[2025-12-11T01:30:27.655+0000] {taskinstance.py:1159} INFO - Dependencies all met for dep_context=non-requeueable deps ti=<TaskInstance: flight_etl.run_machine_learning_load manual__2025-12-11T01:27:59.842067+00:00 [queued]>
[2025-12-11T01:30:27.676+0000] {taskinstance.py:1159} INFO - Dependencies all met for dep_context=requeueable deps ti=<TaskInstance: flight_etl.run_machine_learning_load manual__2025-12-11T01:27:59.842067+00:00 [queued]>
[2025-12-11T01:30:27.676+0000] {taskinstance.py:1361} INFO - Starting attempt 1 of 1
[2025-12-11T01:30:27.730+0000] {taskinstance.py:1382} INFO - Executing <Task(BashOperator): run_machine_learning_load> on 2025-12-11 01:27:59.842067+00:00
[2025-12-11T01:30:27.737+0000] {standard_task_runner.py:57} INFO - Started process 1160 to run task
[2025-12-11T01:30:27.741+0000] {standard_task_runner.py:84} INFO - Running: ['***', 'tasks', 'run', 'flight_etl', 'run_machine_learning_load', 'manual__2025-12-11T01:27:59.842067+00:00', '--job-id', '214', '--raw', '--subdir', 'DAGS_FOLDER/etl-dag.py', '--cfg-path', '/tmp/tmp9blkq4hx']
[2025-12-11T01:30:27.743+0000] {standard_task_runner.py:85} INFO - Job 214: Subtask run_machine_learning_load
[2025-12-11T01:30:27.789+0000] {task_command.py:416} INFO - Running <TaskInstance: flight_etl.run_machine_learning_load manual__2025-12-11T01:27:59.842067+00:00 [running]> on host 8115e33213ed
[2025-12-11T01:30:27.904+0000] {taskinstance.py:1662} INFO - Exporting env vars: AIRFLOW_CTX_DAG_OWNER='***' AIRFLOW_CTX_DAG_ID='flight_etl' AIRFLOW_CTX_TASK_ID='run_machine_learning_load' AIRFLOW_CTX_EXECUTION_DATE='2025-12-11T01:27:59.842067+00:00' AIRFLOW_CTX_TRY_NUMBER='1' AIRFLOW_CTX_DAG_RUN_ID='manual__2025-12-11T01:27:59.842067+00:00'
[2025-12-11T01:30:27.911+0000] {subprocess.py:63} INFO - Tmp dir root location: /tmp
[2025-12-11T01:30:27.911+0000] {subprocess.py:75} INFO - Running command: ['/bin/bash', '-c', '\n        cd /opt/***/etl_scripts &&         python machine_learning.py\n    ']
[2025-12-11T01:30:27.926+0000] {subprocess.py:86} INFO - Output:
[2025-12-11T01:30:29.547+0000] {subprocess.py:93} INFO - Traceback (most recent call last):
[2025-12-11T01:30:29.548+0000] {subprocess.py:93} INFO -   File "machine_learning.py", line 78, in <module>
[2025-12-11T01:30:29.548+0000] {subprocess.py:93} INFO -     X_train, X_test, y_class_train, y_class_test, y_reg_train, y_reg_test = train_test_split(
[2025-12-11T01:30:29.548+0000] {subprocess.py:93} INFO -   File "/usr/local/lib/python3.8/site-packages/sklearn/utils/_param_validation.py", line 214, in wrapper
[2025-12-11T01:30:29.548+0000] {subprocess.py:93} INFO -     return func(*args, **kwargs)
[2025-12-11T01:30:29.548+0000] {subprocess.py:93} INFO -   File "/usr/local/lib/python3.8/site-packages/sklearn/model_selection/_split.py", line 2649, in train_test_split
[2025-12-11T01:30:29.548+0000] {subprocess.py:93} INFO -     n_train, n_test = _validate_shuffle_split(
[2025-12-11T01:30:29.548+0000] {subprocess.py:93} INFO -   File "/usr/local/lib/python3.8/site-packages/sklearn/model_selection/_split.py", line 2305, in _validate_shuffle_split
[2025-12-11T01:30:29.548+0000] {subprocess.py:93} INFO -     raise ValueError(
[2025-12-11T01:30:29.548+0000] {subprocess.py:93} INFO - ValueError: With n_samples=0, test_size=0.2 and train_size=None, the resulting train set will be empty. Adjust any of the aforementioned parameters.
[2025-12-11T01:30:29.658+0000] {subprocess.py:97} INFO - Command exited with return code 1
[2025-12-11T01:30:29.667+0000] {taskinstance.py:1937} ERROR - Task failed with exception
Traceback (most recent call last):
  File "/home/airflow/.local/lib/python3.8/site-packages/airflow/operators/bash.py", line 210, in execute
    raise AirflowException(
airflow.exceptions.AirflowException: Bash command failed. The command returned a non-zero exit code 1.
[2025-12-11T01:30:29.670+0000] {taskinstance.py:1400} INFO - Marking task as FAILED. dag_id=flight_etl, task_id=run_machine_learning_load, execution_date=20251211T012759, start_date=20251211T013027, end_date=20251211T013029
[2025-12-11T01:30:29.679+0000] {standard_task_runner.py:104} ERROR - Failed to execute job 214 for task run_machine_learning_load (Bash command failed. The command returned a non-zero exit code 1.; 1160)
[2025-12-11T01:30:29.717+0000] {local_task_job_runner.py:228} INFO - Task exited with return code 1
[2025-12-11T01:30:29.751+0000] {taskinstance.py:2778} INFO - 0 downstream tasks scheduled from follow-on schedule check
