[2025-11-30T01:05:43.414+0000] {taskinstance.py:1159} INFO - Dependencies all met for dep_context=non-requeueable deps ti=<TaskInstance: flight_etl.spark_batch_processor manual__2025-11-30T01:03:57.886848+00:00 [queued]>
[2025-11-30T01:05:43.423+0000] {taskinstance.py:1159} INFO - Dependencies all met for dep_context=requeueable deps ti=<TaskInstance: flight_etl.spark_batch_processor manual__2025-11-30T01:03:57.886848+00:00 [queued]>
[2025-11-30T01:05:43.423+0000] {taskinstance.py:1361} INFO - Starting attempt 1 of 1
[2025-11-30T01:05:43.433+0000] {taskinstance.py:1382} INFO - Executing <Task(BashOperator): spark_batch_processor> on 2025-11-30 01:03:57.886848+00:00
[2025-11-30T01:05:43.439+0000] {standard_task_runner.py:57} INFO - Started process 2121 to run task
[2025-11-30T01:05:43.443+0000] {standard_task_runner.py:84} INFO - Running: ['***', 'tasks', 'run', 'flight_etl', 'spark_batch_processor', 'manual__2025-11-30T01:03:57.886848+00:00', '--job-id', '478', '--raw', '--subdir', 'DAGS_FOLDER/etl-dag.py', '--cfg-path', '/tmp/tmprhoc5com']
[2025-11-30T01:05:43.445+0000] {standard_task_runner.py:85} INFO - Job 478: Subtask spark_batch_processor
[2025-11-30T01:05:43.477+0000] {task_command.py:416} INFO - Running <TaskInstance: flight_etl.spark_batch_processor manual__2025-11-30T01:03:57.886848+00:00 [running]> on host 45304bb2c878
[2025-11-30T01:05:43.533+0000] {taskinstance.py:1662} INFO - Exporting env vars: AIRFLOW_CTX_DAG_OWNER='***' AIRFLOW_CTX_DAG_ID='flight_etl' AIRFLOW_CTX_TASK_ID='spark_batch_processor' AIRFLOW_CTX_EXECUTION_DATE='2025-11-30T01:03:57.886848+00:00' AIRFLOW_CTX_TRY_NUMBER='1' AIRFLOW_CTX_DAG_RUN_ID='manual__2025-11-30T01:03:57.886848+00:00'
[2025-11-30T01:05:43.535+0000] {subprocess.py:63} INFO - Tmp dir root location: /tmp
[2025-11-30T01:05:43.535+0000] {subprocess.py:75} INFO - Running command: ['/bin/bash', '-c', '\ndocker exec spark-master /spark/bin/spark-submit   --master spark://spark-master:7077   **--jars file:///tmp/spark_drivers/postgresql-42.7.7.jar**   --conf spark.pyspark.python=/usr/bin/python3 /tmp/spark_drivers/batch.py']
[2025-11-30T01:05:43.546+0000] {subprocess.py:86} INFO - Output:
[2025-11-30T01:05:45.580+0000] {subprocess.py:93} INFO - 25/11/30 01:05:45 WARN NativeCodeLoader: Unable to load native-hadoop library for your platform... using builtin-java classes where applicable
[2025-11-30T01:05:45.666+0000] {subprocess.py:93} INFO - Exception in thread "main" org.apache.spark.SparkException: Failed to get main class in JAR with error 'File file:/**--jars does not exist'.  Please specify one with --class.
[2025-11-30T01:05:45.666+0000] {subprocess.py:93} INFO - 	at org.apache.spark.deploy.SparkSubmit.error(SparkSubmit.scala:975)
[2025-11-30T01:05:45.666+0000] {subprocess.py:93} INFO - 	at org.apache.spark.deploy.SparkSubmit.prepareSubmitEnvironment(SparkSubmit.scala:486)
[2025-11-30T01:05:45.666+0000] {subprocess.py:93} INFO - 	at org.apache.spark.deploy.SparkSubmit.org$apache$spark$deploy$SparkSubmit$$runMain(SparkSubmit.scala:901)
[2025-11-30T01:05:45.666+0000] {subprocess.py:93} INFO - 	at org.apache.spark.deploy.SparkSubmit.doRunMain$1(SparkSubmit.scala:180)
[2025-11-30T01:05:45.666+0000] {subprocess.py:93} INFO - 	at org.apache.spark.deploy.SparkSubmit.submit(SparkSubmit.scala:203)
[2025-11-30T01:05:45.666+0000] {subprocess.py:93} INFO - 	at org.apache.spark.deploy.SparkSubmit.doSubmit(SparkSubmit.scala:90)
[2025-11-30T01:05:45.666+0000] {subprocess.py:93} INFO - 	at org.apache.spark.deploy.SparkSubmit$$anon$2.doSubmit(SparkSubmit.scala:1046)
[2025-11-30T01:05:45.667+0000] {subprocess.py:93} INFO - 	at org.apache.spark.deploy.SparkSubmit$.main(SparkSubmit.scala:1055)
[2025-11-30T01:05:45.667+0000] {subprocess.py:93} INFO - 	at org.apache.spark.deploy.SparkSubmit.main(SparkSubmit.scala)
[2025-11-30T01:05:45.711+0000] {subprocess.py:97} INFO - Command exited with return code 1
[2025-11-30T01:05:45.721+0000] {taskinstance.py:1937} ERROR - Task failed with exception
Traceback (most recent call last):
  File "/home/airflow/.local/lib/python3.8/site-packages/airflow/operators/bash.py", line 210, in execute
    raise AirflowException(
airflow.exceptions.AirflowException: Bash command failed. The command returned a non-zero exit code 1.
[2025-11-30T01:05:45.724+0000] {taskinstance.py:1400} INFO - Marking task as FAILED. dag_id=flight_etl, task_id=spark_batch_processor, execution_date=20251130T010357, start_date=20251130T010543, end_date=20251130T010545
[2025-11-30T01:05:45.734+0000] {standard_task_runner.py:104} ERROR - Failed to execute job 478 for task spark_batch_processor (Bash command failed. The command returned a non-zero exit code 1.; 2121)
[2025-11-30T01:05:45.780+0000] {local_task_job_runner.py:228} INFO - Task exited with return code 1
[2025-11-30T01:05:45.796+0000] {taskinstance.py:2778} INFO - 0 downstream tasks scheduled from follow-on schedule check
