[2025-11-29T21:50:38.787+0000] {taskinstance.py:1159} INFO - Dependencies all met for dep_context=non-requeueable deps ti=<TaskInstance: flight_etl.python_etl_pipeline manual__2025-11-29T21:50:35.200803+00:00 [queued]>
[2025-11-29T21:50:38.794+0000] {taskinstance.py:1159} INFO - Dependencies all met for dep_context=requeueable deps ti=<TaskInstance: flight_etl.python_etl_pipeline manual__2025-11-29T21:50:35.200803+00:00 [queued]>
[2025-11-29T21:50:38.794+0000] {taskinstance.py:1361} INFO - Starting attempt 1 of 1
[2025-11-29T21:50:38.821+0000] {taskinstance.py:1382} INFO - Executing <Task(BashOperator): python_etl_pipeline> on 2025-11-29 21:50:35.200803+00:00
[2025-11-29T21:50:38.825+0000] {standard_task_runner.py:57} INFO - Started process 174 to run task
[2025-11-29T21:50:38.828+0000] {standard_task_runner.py:84} INFO - Running: ['***', 'tasks', 'run', 'flight_etl', 'python_etl_pipeline', 'manual__2025-11-29T21:50:35.200803+00:00', '--job-id', '222', '--raw', '--subdir', 'DAGS_FOLDER/etl-dag.py', '--cfg-path', '/tmp/tmpa0jhmfhz']
[2025-11-29T21:50:38.831+0000] {standard_task_runner.py:85} INFO - Job 222: Subtask python_etl_pipeline
[2025-11-29T21:50:38.872+0000] {task_command.py:416} INFO - Running <TaskInstance: flight_etl.python_etl_pipeline manual__2025-11-29T21:50:35.200803+00:00 [running]> on host ac69468bc415
[2025-11-29T21:50:38.969+0000] {taskinstance.py:1662} INFO - Exporting env vars: AIRFLOW_CTX_DAG_OWNER='***' AIRFLOW_CTX_DAG_ID='flight_etl' AIRFLOW_CTX_TASK_ID='python_etl_pipeline' AIRFLOW_CTX_EXECUTION_DATE='2025-11-29T21:50:35.200803+00:00' AIRFLOW_CTX_TRY_NUMBER='1' AIRFLOW_CTX_DAG_RUN_ID='manual__2025-11-29T21:50:35.200803+00:00'
[2025-11-29T21:50:38.971+0000] {subprocess.py:63} INFO - Tmp dir root location: /tmp
[2025-11-29T21:50:38.972+0000] {subprocess.py:75} INFO - Running command: ['/bin/bash', '-c', '\n            echo "Starting ETL pipeline execution..." &&             cd /opt/***/etl_scripts &&             echo "Current directory is: $(pwd)" &&             echo "Installing requirements..." &&             /usr/local/bin/pip install -r requirements.txt &&             echo "Starting main.py script..." &&             python main.py\n        ']
[2025-11-29T21:50:38.984+0000] {subprocess.py:86} INFO - Output:
[2025-11-29T21:50:38.985+0000] {subprocess.py:93} INFO - Starting ETL pipeline execution...
[2025-11-29T21:50:38.986+0000] {subprocess.py:93} INFO - Current directory is: /opt/***/etl_scripts
[2025-11-29T21:50:38.987+0000] {subprocess.py:93} INFO - Installing requirements...
[2025-11-29T21:50:41.967+0000] {subprocess.py:93} INFO - Collecting certifi==2025.8.3
[2025-11-29T21:50:41.970+0000] {subprocess.py:93} INFO -   Using cached certifi-2025.8.3-py3-none-any.whl (161 kB)
[2025-11-29T21:50:42.221+0000] {subprocess.py:93} INFO - Collecting charset-normalizer==3.4.3
[2025-11-29T21:50:42.233+0000] {subprocess.py:93} INFO -   Using cached charset_normalizer-3.4.3-cp38-cp38-manylinux2014_x86_64.manylinux_2_17_x86_64.manylinux_2_28_x86_64.whl (147 kB)
[2025-11-29T21:50:42.476+0000] {subprocess.py:93} INFO - Collecting Faker==35.2.2
[2025-11-29T21:50:42.490+0000] {subprocess.py:93} INFO -   Using cached Faker-35.2.2-py3-none-any.whl (1.9 MB)
[2025-11-29T21:50:42.848+0000] {subprocess.py:93} INFO - Collecting greenlet==2.0.2
[2025-11-29T21:50:42.857+0000] {subprocess.py:93} INFO -   Using cached greenlet-2.0.2-cp38-cp38-manylinux_2_17_x86_64.manylinux2014_x86_64.whl (618 kB)
[2025-11-29T21:50:43.121+0000] {subprocess.py:93} INFO - Collecting idna==3.10
[2025-11-29T21:50:43.123+0000] {subprocess.py:93} INFO -   Using cached idna-3.10-py3-none-any.whl (70 kB)
[2025-11-29T21:50:43.252+0000] {subprocess.py:93} INFO - Collecting kagglehub==0.2.9
[2025-11-29T21:50:43.260+0000] {subprocess.py:93} INFO -   Using cached kagglehub-0.2.9-py3-none-any.whl (39 kB)
[2025-11-29T21:50:43.262+0000] {subprocess.py:93} INFO - Requirement already satisfied: numpy==1.24.4 in /home/***/.local/lib/python3.8/site-packages (from -r requirements.txt (line 7)) (1.24.4)
[2025-11-29T21:50:43.427+0000] {subprocess.py:93} INFO - Collecting packaging==25.0
[2025-11-29T21:50:43.432+0000] {subprocess.py:93} INFO -   Using cached packaging-25.0-py3-none-any.whl (66 kB)
[2025-11-29T21:50:43.713+0000] {subprocess.py:93} INFO - Collecting pandas==1.5.3
[2025-11-29T21:50:43.773+0000] {subprocess.py:93} INFO -   Using cached pandas-1.5.3-cp38-cp38-manylinux_2_17_x86_64.manylinux2014_x86_64.whl (12.2 MB)
[2025-11-29T21:50:44.030+0000] {subprocess.py:93} INFO - Collecting psycopg2-binary==2.9.10
[2025-11-29T21:50:44.264+0000] {subprocess.py:93} INFO -   Downloading psycopg2_binary-2.9.10-cp38-cp38-manylinux_2_17_x86_64.manylinux2014_x86_64.whl (3.0 MB)
[2025-11-29T21:50:58.644+0000] {subprocess.py:93} INFO -      ━━━━━━━━━━━━━━━━━━━━━━━━━━━━━━━━━━━━━━━━ 3.0/3.0 MB 210.0 kB/s eta 0:00:00
[2025-11-29T21:50:58.797+0000] {subprocess.py:93} INFO - Collecting python-dateutil==2.9.0.post0
[2025-11-29T21:50:58.800+0000] {subprocess.py:93} INFO -   Using cached python_dateutil-2.9.0.post0-py2.py3-none-any.whl (229 kB)
[2025-11-29T21:50:59.043+0000] {subprocess.py:93} INFO - Collecting pytz==2025.2
[2025-11-29T21:50:59.060+0000] {subprocess.py:93} INFO -   Using cached pytz-2025.2-py2.py3-none-any.whl (509 kB)
[2025-11-29T21:50:59.342+0000] {subprocess.py:93} INFO - Collecting PyYAML==6.0.2
[2025-11-29T21:50:59.424+0000] {subprocess.py:93} INFO -   Downloading PyYAML-6.0.2-cp38-cp38-manylinux_2_17_x86_64.manylinux2014_x86_64.whl (746 kB)
[2025-11-29T21:51:03.162+0000] {subprocess.py:93} INFO -      ━━━━━━━━━━━━━━━━━━━━━━━━━━━━━━━━━━━━━ 746.5/746.5 kB 202.2 kB/s eta 0:00:00
[2025-11-29T21:51:03.317+0000] {subprocess.py:93} INFO - Collecting requests==2.32.4
[2025-11-29T21:51:03.339+0000] {subprocess.py:93} INFO -   Using cached requests-2.32.4-py3-none-any.whl (64 kB)
[2025-11-29T21:51:03.484+0000] {subprocess.py:93} INFO - Collecting six==1.17.0
[2025-11-29T21:51:03.488+0000] {subprocess.py:93} INFO -   Using cached six-1.17.0-py2.py3-none-any.whl (11 kB)
[2025-11-29T21:51:04.628+0000] {subprocess.py:93} INFO - Collecting SQLAlchemy==2.0.43
[2025-11-29T21:51:04.698+0000] {subprocess.py:93} INFO -   Downloading sqlalchemy-2.0.43-cp38-cp38-manylinux_2_17_x86_64.manylinux2014_x86_64.whl (3.2 MB)
[2025-11-29T21:51:17.511+0000] {subprocess.py:93} INFO -      ━━━━━━━━━━━━━━━━━━━━━━━━━━━━━━━━━━━━━━━━ 3.2/3.2 MB 253.7 kB/s eta 0:00:00
[2025-11-29T21:51:17.873+0000] {subprocess.py:93} INFO - Collecting tqdm==4.67.1
[2025-11-29T21:51:17.948+0000] {subprocess.py:93} INFO -   Downloading tqdm-4.67.1-py3-none-any.whl (78 kB)
[2025-11-29T21:51:18.273+0000] {subprocess.py:93} INFO -      ━━━━━━━━━━━━━━━━━━━━━━━━━━━━━━━━━━━━━━━ 78.5/78.5 kB 240.8 kB/s eta 0:00:00
[2025-11-29T21:51:18.427+0000] {subprocess.py:93} INFO - Collecting typing_extensions==4.13.2
[2025-11-29T21:51:18.504+0000] {subprocess.py:93} INFO -   Downloading typing_extensions-4.13.2-py3-none-any.whl (45 kB)
[2025-11-29T21:51:18.757+0000] {subprocess.py:93} INFO -      ━━━━━━━━━━━━━━━━━━━━━━━━━━━━━━━━━━━━━━━ 45.8/45.8 kB 200.3 kB/s eta 0:00:00
[2025-11-29T21:51:18.904+0000] {subprocess.py:93} INFO - Collecting tzdata==2025.2
[2025-11-29T21:51:18.972+0000] {subprocess.py:93} INFO -   Downloading tzdata-2025.2-py2.py3-none-any.whl (347 kB)
[2025-11-29T21:51:20.503+0000] {subprocess.py:93} INFO -      ━━━━━━━━━━━━━━━━━━━━━━━━━━━━━━━━━━━━━ 347.8/347.8 kB 236.0 kB/s eta 0:00:00
[2025-11-29T21:51:20.762+0000] {subprocess.py:93} INFO - Collecting urllib3==2.2.3
[2025-11-29T21:51:20.832+0000] {subprocess.py:93} INFO -   Downloading urllib3-2.2.3-py3-none-any.whl (126 kB)
[2025-11-29T21:51:21.354+0000] {subprocess.py:93} INFO -      ━━━━━━━━━━━━━━━━━━━━━━━━━━━━━━━━━━━━━ 126.3/126.3 kB 254.6 kB/s eta 0:00:00
[2025-11-29T21:51:26.587+0000] {subprocess.py:93} INFO - Installing collected packages: pytz, urllib3, tzdata, typing_extensions, tqdm, six, PyYAML, psycopg2-binary, packaging, idna, greenlet, charset-normalizer, certifi, SQLAlchemy, requests, python-dateutil, pandas, kagglehub, Faker
[2025-11-29T21:51:26.588+0000] {subprocess.py:93} INFO -   Attempting uninstall: pytz
[2025-11-29T21:51:26.591+0000] {subprocess.py:93} INFO -     Found existing installation: pytz 2023.3.post1
[2025-11-29T21:51:26.920+0000] {subprocess.py:93} INFO -     Uninstalling pytz-2023.3.post1:
[2025-11-29T21:51:26.943+0000] {subprocess.py:93} INFO -       Successfully uninstalled pytz-2023.3.post1
[2025-11-29T21:51:27.110+0000] {subprocess.py:93} INFO -   Attempting uninstall: urllib3
[2025-11-29T21:51:27.119+0000] {subprocess.py:93} INFO -     Found existing installation: urllib3 1.26.18
[2025-11-29T21:51:27.215+0000] {subprocess.py:93} INFO -     Uninstalling urllib3-1.26.18:
[2025-11-29T21:51:27.220+0000] {subprocess.py:93} INFO -       Successfully uninstalled urllib3-1.26.18
[2025-11-29T21:51:27.307+0000] {subprocess.py:93} INFO -   Attempting uninstall: tzdata
[2025-11-29T21:51:27.308+0000] {subprocess.py:93} INFO -     Found existing installation: tzdata 2023.3
[2025-11-29T21:51:27.547+0000] {subprocess.py:93} INFO -     Uninstalling tzdata-2023.3:
[2025-11-29T21:51:27.571+0000] {subprocess.py:93} INFO -       Successfully uninstalled tzdata-2023.3
[2025-11-29T21:51:27.705+0000] {subprocess.py:93} INFO -   Attempting uninstall: typing_extensions
[2025-11-29T21:51:27.705+0000] {subprocess.py:93} INFO -     Found existing installation: typing_extensions 4.8.0
[2025-11-29T21:51:27.712+0000] {subprocess.py:93} INFO -     Uninstalling typing_extensions-4.8.0:
[2025-11-29T21:51:32.169+0000] {subprocess.py:93} INFO - ERROR: Could not install packages due to an OSError: [Errno 2] No such file or directory: '/home/***/.local/lib/python3.8/site-packages/__pycache__/typing_extensions.cpython-38.pyc'
[2025-11-29T21:51:32.179+0000] {subprocess.py:93} INFO - 
[2025-11-29T21:51:33.042+0000] {subprocess.py:93} INFO - 
[2025-11-29T21:51:33.046+0000] {subprocess.py:93} INFO - [notice] A new release of pip is available: 23.0.1 -> 25.0.1
[2025-11-29T21:51:33.046+0000] {subprocess.py:93} INFO - [notice] To update, run: pip3 install --upgrade pip
[2025-11-29T21:51:33.509+0000] {subprocess.py:97} INFO - Command exited with return code 1
[2025-11-29T21:51:33.524+0000] {taskinstance.py:1937} ERROR - Task failed with exception
Traceback (most recent call last):
  File "/home/airflow/.local/lib/python3.8/site-packages/airflow/operators/bash.py", line 210, in execute
    raise AirflowException(
airflow.exceptions.AirflowException: Bash command failed. The command returned a non-zero exit code 1.
[2025-11-29T21:51:33.559+0000] {taskinstance.py:1400} INFO - Marking task as FAILED. dag_id=flight_etl, task_id=python_etl_pipeline, execution_date=20251129T215035, start_date=20251129T215038, end_date=20251129T215133
[2025-11-29T21:51:33.618+0000] {standard_task_runner.py:104} ERROR - Failed to execute job 222 for task python_etl_pipeline (Bash command failed. The command returned a non-zero exit code 1.; 174)
[2025-11-29T21:51:33.656+0000] {local_task_job_runner.py:228} INFO - Task exited with return code 1
[2025-11-29T21:51:33.689+0000] {taskinstance.py:2778} INFO - 0 downstream tasks scheduled from follow-on schedule check
