[2025-11-29T21:57:40.645+0000] {taskinstance.py:1159} INFO - Dependencies all met for dep_context=non-requeueable deps ti=<TaskInstance: flight_etl.python_etl_pipeline manual__2025-11-29T21:57:29.739761+00:00 [queued]>
[2025-11-29T21:57:40.659+0000] {taskinstance.py:1159} INFO - Dependencies all met for dep_context=requeueable deps ti=<TaskInstance: flight_etl.python_etl_pipeline manual__2025-11-29T21:57:29.739761+00:00 [queued]>
[2025-11-29T21:57:40.659+0000] {taskinstance.py:1361} INFO - Starting attempt 1 of 1
[2025-11-29T21:57:40.712+0000] {taskinstance.py:1382} INFO - Executing <Task(BashOperator): python_etl_pipeline> on 2025-11-29 21:57:29.739761+00:00
[2025-11-29T21:57:40.719+0000] {standard_task_runner.py:57} INFO - Started process 108 to run task
[2025-11-29T21:57:40.722+0000] {standard_task_runner.py:84} INFO - Running: ['***', 'tasks', 'run', 'flight_etl', 'python_etl_pipeline', 'manual__2025-11-29T21:57:29.739761+00:00', '--job-id', '230', '--raw', '--subdir', 'DAGS_FOLDER/etl-dag.py', '--cfg-path', '/tmp/tmpgi4t1qw5']
[2025-11-29T21:57:40.724+0000] {standard_task_runner.py:85} INFO - Job 230: Subtask python_etl_pipeline
[2025-11-29T21:57:40.855+0000] {task_command.py:416} INFO - Running <TaskInstance: flight_etl.python_etl_pipeline manual__2025-11-29T21:57:29.739761+00:00 [running]> on host 3a775eb2a8e1
[2025-11-29T21:57:41.040+0000] {taskinstance.py:1662} INFO - Exporting env vars: AIRFLOW_CTX_DAG_OWNER='***' AIRFLOW_CTX_DAG_ID='flight_etl' AIRFLOW_CTX_TASK_ID='python_etl_pipeline' AIRFLOW_CTX_EXECUTION_DATE='2025-11-29T21:57:29.739761+00:00' AIRFLOW_CTX_TRY_NUMBER='1' AIRFLOW_CTX_DAG_RUN_ID='manual__2025-11-29T21:57:29.739761+00:00'
[2025-11-29T21:57:41.149+0000] {subprocess.py:63} INFO - Tmp dir root location: /tmp
[2025-11-29T21:57:41.150+0000] {subprocess.py:75} INFO - Running command: ['/bin/bash', '-c', '\n        echo "Starting ETL pipeline execution..." &&         cd /opt/***/etl_scripts &&         echo "Current directory is: $(pwd)" &&         echo "Installing requirements..." &&         /usr/local/bin/pip install --ignore-installed -r requirements.txt &&         echo "Starting main.py script..." &&         python main.py\n    ']
[2025-11-29T21:57:41.180+0000] {subprocess.py:86} INFO - Output:
[2025-11-29T21:57:41.301+0000] {subprocess.py:93} INFO - Starting ETL pipeline execution...
[2025-11-29T21:57:41.311+0000] {subprocess.py:93} INFO - Current directory is: /opt/***/etl_scripts
[2025-11-29T21:57:41.312+0000] {subprocess.py:93} INFO - Installing requirements...
[2025-11-29T21:57:45.044+0000] {subprocess.py:93} INFO - Collecting certifi==2025.8.3
[2025-11-29T21:57:45.322+0000] {subprocess.py:93} INFO -   Downloading certifi-2025.8.3-py3-none-any.whl (161 kB)
[2025-11-29T21:57:45.496+0000] {subprocess.py:93} INFO -      ━━━━━━━━━━━━━━━━━━━━━━━━━━━━━━━━━━━━━ 161.2/161.2 kB 895.3 kB/s eta 0:00:00
[2025-11-29T21:57:45.987+0000] {subprocess.py:93} INFO - Collecting charset-normalizer==3.4.3
[2025-11-29T21:57:46.057+0000] {subprocess.py:93} INFO -   Downloading charset_normalizer-3.4.3-cp38-cp38-manylinux2014_x86_64.manylinux_2_17_x86_64.manylinux_2_28_x86_64.whl (147 kB)
[2025-11-29T21:57:46.171+0000] {subprocess.py:93} INFO -      ━━━━━━━━━━━━━━━━━━━━━━━━━━━━━━━━━━━━━━━ 147.4/147.4 kB 1.3 MB/s eta 0:00:00
[2025-11-29T21:57:46.555+0000] {subprocess.py:93} INFO - Collecting Faker==35.2.2
[2025-11-29T21:57:46.622+0000] {subprocess.py:93} INFO -   Downloading Faker-35.2.2-py3-none-any.whl (1.9 MB)
[2025-11-29T21:57:48.736+0000] {subprocess.py:93} INFO -      ━━━━━━━━━━━━━━━━━━━━━━━━━━━━━━━━━━━━━━━━ 1.9/1.9 MB 905.7 kB/s eta 0:00:00
[2025-11-29T21:57:49.228+0000] {subprocess.py:93} INFO - Collecting greenlet==2.0.2
[2025-11-29T21:57:49.300+0000] {subprocess.py:93} INFO -   Downloading greenlet-2.0.2-cp38-cp38-manylinux_2_17_x86_64.manylinux2014_x86_64.whl (618 kB)
[2025-11-29T21:57:53.847+0000] {subprocess.py:93} INFO -      ━━━━━━━━━━━━━━━━━━━━━━━━━━━━━━━━━━━━━ 618.5/618.5 kB 135.9 kB/s eta 0:00:00
[2025-11-29T21:57:54.240+0000] {subprocess.py:93} INFO - Collecting idna==3.10
[2025-11-29T21:57:54.308+0000] {subprocess.py:93} INFO -   Downloading idna-3.10-py3-none-any.whl (70 kB)
[2025-11-29T21:57:54.724+0000] {subprocess.py:93} INFO -      ━━━━━━━━━━━━━━━━━━━━━━━━━━━━━━━━━━━━━━━ 70.4/70.4 kB 182.2 kB/s eta 0:00:00
[2025-11-29T21:57:54.821+0000] {subprocess.py:93} INFO - Collecting kagglehub==0.2.9
[2025-11-29T21:57:54.890+0000] {subprocess.py:93} INFO -   Downloading kagglehub-0.2.9-py3-none-any.whl (39 kB)
[2025-11-29T21:57:55.646+0000] {subprocess.py:93} INFO - Collecting numpy==1.24.4
[2025-11-29T21:57:55.716+0000] {subprocess.py:93} INFO -   Downloading numpy-1.24.4-cp38-cp38-manylinux_2_17_x86_64.manylinux2014_x86_64.whl (17.3 MB)
[2025-11-29T21:59:16.977+0000] {subprocess.py:93} INFO -      ━━━━━━━━━━━━━━━━━━━━━━━━━━━━━━━━━━━━━━━ 17.3/17.3 MB 235.7 kB/s eta 0:00:00
[2025-11-29T21:59:17.281+0000] {subprocess.py:93} INFO - Collecting packaging==25.0
[2025-11-29T21:59:17.350+0000] {subprocess.py:93} INFO -   Downloading packaging-25.0-py3-none-any.whl (66 kB)
[2025-11-29T21:59:17.770+0000] {subprocess.py:93} INFO -      ━━━━━━━━━━━━━━━━━━━━━━━━━━━━━━━━━━━━━━━ 66.5/66.5 kB 173.3 kB/s eta 0:00:00
[2025-11-29T21:59:18.157+0000] {subprocess.py:93} INFO - Collecting pandas==1.5.3
[2025-11-29T21:59:18.240+0000] {subprocess.py:93} INFO -   Downloading pandas-1.5.3-cp38-cp38-manylinux_2_17_x86_64.manylinux2014_x86_64.whl (12.2 MB)
[2025-11-29T22:00:14.451+0000] {subprocess.py:93} INFO -      ━━━━━━━━━━━━━━━━━━━━━━━━━━━━━━━━━━━━━━━ 12.2/12.2 MB 199.7 kB/s eta 0:00:00
[2025-11-29T22:00:14.814+0000] {subprocess.py:93} INFO - Collecting psycopg2-binary==2.9.10
[2025-11-29T22:00:14.895+0000] {subprocess.py:93} INFO -   Downloading psycopg2_binary-2.9.10-cp38-cp38-manylinux_2_17_x86_64.manylinux2014_x86_64.whl (3.0 MB)
[2025-11-29T22:00:28.971+0000] {subprocess.py:93} INFO -      ━━━━━━━━━━━━━━━━━━━━━━━━━━━━━━━━━━━━━━━━ 3.0/3.0 MB 214.4 kB/s eta 0:00:00
[2025-11-29T22:00:29.258+0000] {subprocess.py:93} INFO - Collecting python-dateutil==2.9.0.post0
[2025-11-29T22:00:29.336+0000] {subprocess.py:93} INFO -   Downloading python_dateutil-2.9.0.post0-py2.py3-none-any.whl (229 kB)
[2025-11-29T22:00:30.559+0000] {subprocess.py:93} INFO -      ━━━━━━━━━━━━━━━━━━━━━━━━━━━━━━━━━━━━━ 229.9/229.9 kB 189.7 kB/s eta 0:00:00
[2025-11-29T22:00:30.699+0000] {subprocess.py:93} INFO - Collecting pytz==2025.2
[2025-11-29T22:00:30.777+0000] {subprocess.py:93} INFO -   Downloading pytz-2025.2-py2.py3-none-any.whl (509 kB)
[2025-11-29T22:00:32.270+0000] {subprocess.py:93} INFO -      ━━━━━━━━━━━━━━━━━━━━━━━━━━━━━━━━━━━━━ 509.2/509.2 kB 349.9 kB/s eta 0:00:00
[2025-11-29T22:00:32.439+0000] {subprocess.py:93} INFO - Collecting PyYAML==6.0.2
[2025-11-29T22:00:32.509+0000] {subprocess.py:93} INFO -   Downloading PyYAML-6.0.2-cp38-cp38-manylinux_2_17_x86_64.manylinux2014_x86_64.whl (746 kB)
[2025-11-29T22:00:36.183+0000] {subprocess.py:93} INFO -      ━━━━━━━━━━━━━━━━━━━━━━━━━━━━━━━━━━━━━ 746.5/746.5 kB 205.8 kB/s eta 0:00:00
[2025-11-29T22:00:36.341+0000] {subprocess.py:93} INFO - Collecting requests==2.32.4
[2025-11-29T22:00:36.415+0000] {subprocess.py:93} INFO -   Downloading requests-2.32.4-py3-none-any.whl (64 kB)
[2025-11-29T22:00:36.683+0000] {subprocess.py:93} INFO -      ━━━━━━━━━━━━━━━━━━━━━━━━━━━━━━━━━━━━━━━ 64.8/64.8 kB 271.5 kB/s eta 0:00:00
[2025-11-29T22:00:36.808+0000] {subprocess.py:93} INFO - Collecting six==1.17.0
[2025-11-29T22:00:36.875+0000] {subprocess.py:93} INFO -   Downloading six-1.17.0-py2.py3-none-any.whl (11 kB)
[2025-11-29T22:00:37.698+0000] {subprocess.py:93} INFO - Collecting SQLAlchemy==2.0.43
[2025-11-29T22:00:37.766+0000] {subprocess.py:93} INFO -   Downloading sqlalchemy-2.0.43-cp38-cp38-manylinux_2_17_x86_64.manylinux2014_x86_64.whl (3.2 MB)
[2025-11-29T22:00:53.126+0000] {subprocess.py:93} INFO -      ━━━━━━━━━━━━━━━━━━━━━━━━━━━━━━━━━━━━━━━━ 3.2/3.2 MB 211.4 kB/s eta 0:00:00
[2025-11-29T22:00:53.251+0000] {subprocess.py:93} INFO - Collecting tqdm==4.67.1
[2025-11-29T22:00:53.334+0000] {subprocess.py:93} INFO -   Downloading tqdm-4.67.1-py3-none-any.whl (78 kB)
[2025-11-29T22:00:53.710+0000] {subprocess.py:93} INFO -      ━━━━━━━━━━━━━━━━━━━━━━━━━━━━━━━━━━━━━━━ 78.5/78.5 kB 225.2 kB/s eta 0:00:00
[2025-11-29T22:00:53.791+0000] {subprocess.py:93} INFO - Collecting typing_extensions==4.13.2
[2025-11-29T22:00:53.857+0000] {subprocess.py:93} INFO -   Downloading typing_extensions-4.13.2-py3-none-any.whl (45 kB)
[2025-11-29T22:00:54.028+0000] {subprocess.py:93} INFO -      ━━━━━━━━━━━━━━━━━━━━━━━━━━━━━━━━━━━━━━━ 45.8/45.8 kB 333.5 kB/s eta 0:00:00
[2025-11-29T22:00:54.102+0000] {subprocess.py:93} INFO - Collecting tzdata==2025.2
[2025-11-29T22:00:54.169+0000] {subprocess.py:93} INFO -   Downloading tzdata-2025.2-py2.py3-none-any.whl (347 kB)
[2025-11-29T22:00:55.447+0000] {subprocess.py:93} INFO -      ━━━━━━━━━━━━━━━━━━━━━━━━━━━━━━━━━━━━━ 347.8/347.8 kB 277.9 kB/s eta 0:00:00
[2025-11-29T22:00:55.551+0000] {subprocess.py:93} INFO - Collecting urllib3==2.2.3
[2025-11-29T22:00:55.619+0000] {subprocess.py:93} INFO -   Downloading urllib3-2.2.3-py3-none-any.whl (126 kB)
[2025-11-29T22:00:56.289+0000] {subprocess.py:93} INFO -      ━━━━━━━━━━━━━━━━━━━━━━━━━━━━━━━━━━━━━ 126.3/126.3 kB 218.7 kB/s eta 0:00:00
[2025-11-29T22:01:00.229+0000] {subprocess.py:93} INFO - Installing collected packages: pytz, urllib3, tzdata, typing_extensions, tqdm, six, PyYAML, psycopg2-binary, packaging, numpy, idna, greenlet, charset-normalizer, certifi, SQLAlchemy, requests, python-dateutil, pandas, kagglehub, Faker
[2025-11-29T22:01:07.069+0000] {subprocess.py:93} INFO - ERROR: pip's dependency resolver does not currently take into account all the packages that are installed. This behaviour is the source of the following dependency conflicts.
[2025-11-29T22:01:07.074+0000] {subprocess.py:93} INFO - sqlalchemy-redshift 0.8.14 requires SQLAlchemy<2.0.0,>=0.9.2, but you have sqlalchemy 2.0.43 which is incompatible.
[2025-11-29T22:01:07.074+0000] {subprocess.py:93} INFO - sqlalchemy-bigquery 1.8.0 requires sqlalchemy<2.0.0dev,>=1.2.0, but you have sqlalchemy 2.0.43 which is incompatible.
[2025-11-29T22:01:07.074+0000] {subprocess.py:93} INFO - snowflake-sqlalchemy 1.5.0 requires sqlalchemy<2.0.0,>=1.4.0, but you have sqlalchemy 2.0.43 which is incompatible.
[2025-11-29T22:01:07.074+0000] {subprocess.py:93} INFO - snowflake-connector-python 3.3.1 requires urllib3<1.27,>=1.21.1, but you have urllib3 2.2.3 which is incompatible.
[2025-11-29T22:01:07.074+0000] {subprocess.py:93} INFO - limits 3.6.0 requires packaging<24,>=21, but you have packaging 25.0 which is incompatible.
[2025-11-29T22:01:07.075+0000] {subprocess.py:93} INFO - flask-appbuilder 4.3.6 requires SQLAlchemy<1.5, but you have sqlalchemy 2.0.43 which is incompatible.
[2025-11-29T22:01:07.075+0000] {subprocess.py:93} INFO - botocore 1.31.64 requires urllib3<1.27,>=1.25.4; python_version < "3.10", but you have urllib3 2.2.3 which is incompatible.
[2025-11-29T22:01:07.075+0000] {subprocess.py:93} INFO - apache-*** 2.7.3 requires sqlalchemy<2.0,>=1.4.28, but you have sqlalchemy 2.0.43 which is incompatible.
[2025-11-29T22:01:07.075+0000] {subprocess.py:93} INFO - Successfully installed Faker-35.2.2 PyYAML-6.0.2 SQLAlchemy-2.0.43 certifi-2025.8.3 charset-normalizer-3.4.3 greenlet-2.0.2 idna-3.10 kagglehub-0.2.9 numpy-1.24.4 packaging-25.0 pandas-1.5.3 psycopg2-binary-2.9.10 python-dateutil-2.9.0.post0 pytz-2025.2 requests-2.32.4 six-1.17.0 tqdm-4.67.1 typing_extensions-4.13.2 tzdata-2025.2 urllib3-2.2.3
[2025-11-29T22:01:07.075+0000] {subprocess.py:93} INFO - WARNING: Running pip as the 'root' user can result in broken permissions and conflicting behaviour with the system package manager. It is recommended to use a virtual environment instead: https://pip.pypa.io/warnings/venv
[2025-11-29T22:01:07.447+0000] {subprocess.py:93} INFO - 
[2025-11-29T22:01:07.447+0000] {subprocess.py:93} INFO - [notice] A new release of pip is available: 23.0.1 -> 25.0.1
[2025-11-29T22:01:07.447+0000] {subprocess.py:93} INFO - [notice] To update, run: pip3 install --upgrade pip
[2025-11-29T22:01:07.703+0000] {subprocess.py:93} INFO - Starting main.py script...
[2025-11-29T22:01:13.291+0000] {subprocess.py:93} INFO - Traceback (most recent call last):
[2025-11-29T22:01:13.294+0000] {subprocess.py:93} INFO -   File "main.py", line 10, in <module>
[2025-11-29T22:01:13.294+0000] {subprocess.py:93} INFO -     common.truncate_all_tables(engine)
[2025-11-29T22:01:13.294+0000] {subprocess.py:93} INFO -   File "/opt/***/etl_scripts/common.py", line 79, in truncate_all_tables
[2025-11-29T22:01:13.295+0000] {subprocess.py:93} INFO -     connection.commit()
[2025-11-29T22:01:13.295+0000] {subprocess.py:93} INFO - AttributeError: 'Connection' object has no attribute 'commit'
[2025-11-29T22:01:13.486+0000] {subprocess.py:97} INFO - Command exited with return code 1
[2025-11-29T22:01:13.521+0000] {taskinstance.py:1937} ERROR - Task failed with exception
Traceback (most recent call last):
  File "/home/airflow/.local/lib/python3.8/site-packages/airflow/operators/bash.py", line 210, in execute
    raise AirflowException(
airflow.exceptions.AirflowException: Bash command failed. The command returned a non-zero exit code 1.
[2025-11-29T22:01:13.537+0000] {taskinstance.py:1400} INFO - Marking task as FAILED. dag_id=flight_etl, task_id=python_etl_pipeline, execution_date=20251129T215729, start_date=20251129T215740, end_date=20251129T220113
[2025-11-29T22:01:13.590+0000] {standard_task_runner.py:104} ERROR - Failed to execute job 230 for task python_etl_pipeline (Bash command failed. The command returned a non-zero exit code 1.; 108)
[2025-11-29T22:01:13.633+0000] {local_task_job_runner.py:228} INFO - Task exited with return code 1
[2025-11-29T22:01:13.660+0000] {taskinstance.py:2778} INFO - 0 downstream tasks scheduled from follow-on schedule check
