[2025-11-29T17:48:28.474+0000] {taskinstance.py:1159} INFO - Dependencies all met for dep_context=non-requeueable deps ti=<TaskInstance: flight_etl.python_etl_pipeline manual__2025-11-29T17:47:22.231090+00:00 [queued]>
[2025-11-29T17:48:28.479+0000] {taskinstance.py:1159} INFO - Dependencies all met for dep_context=requeueable deps ti=<TaskInstance: flight_etl.python_etl_pipeline manual__2025-11-29T17:47:22.231090+00:00 [queued]>
[2025-11-29T17:48:28.479+0000] {taskinstance.py:1361} INFO - Starting attempt 1 of 1
[2025-11-29T17:48:28.487+0000] {taskinstance.py:1382} INFO - Executing <Task(BashOperator): python_etl_pipeline> on 2025-11-29 17:47:22.231090+00:00
[2025-11-29T17:48:28.490+0000] {standard_task_runner.py:57} INFO - Started process 213 to run task
[2025-11-29T17:48:28.492+0000] {standard_task_runner.py:84} INFO - Running: ['***', 'tasks', 'run', 'flight_etl', 'python_etl_pipeline', 'manual__2025-11-29T17:47:22.231090+00:00', '--job-id', '95', '--raw', '--subdir', 'DAGS_FOLDER/etl-dag.py', '--cfg-path', '/tmp/tmpxig620zx']
[2025-11-29T17:48:28.493+0000] {standard_task_runner.py:85} INFO - Job 95: Subtask python_etl_pipeline
[2025-11-29T17:48:28.523+0000] {task_command.py:416} INFO - Running <TaskInstance: flight_etl.python_etl_pipeline manual__2025-11-29T17:47:22.231090+00:00 [running]> on host b1192ff162bb
[2025-11-29T17:48:28.691+0000] {taskinstance.py:1662} INFO - Exporting env vars: AIRFLOW_CTX_DAG_OWNER='***' AIRFLOW_CTX_DAG_ID='flight_etl' AIRFLOW_CTX_TASK_ID='python_etl_pipeline' AIRFLOW_CTX_EXECUTION_DATE='2025-11-29T17:47:22.231090+00:00' AIRFLOW_CTX_TRY_NUMBER='1' AIRFLOW_CTX_DAG_RUN_ID='manual__2025-11-29T17:47:22.231090+00:00'
[2025-11-29T17:48:28.692+0000] {subprocess.py:63} INFO - Tmp dir root location: /tmp
[2025-11-29T17:48:28.692+0000] {subprocess.py:75} INFO - Running command: ['/bin/bash', '-c', '\n            echo "Starting ETL pipeline execution..." &&             cd /opt/***/etl_scripts &&             echo "Current directory is: $(pwd)" &&             echo "Installing requirements..." &&             /usr/local/bin/pip install -r requirements.txt &&             echo "Starting main.py script..." &&             python main.py\n        ']
[2025-11-29T17:48:28.702+0000] {subprocess.py:86} INFO - Output:
[2025-11-29T17:48:28.703+0000] {subprocess.py:93} INFO - Starting ETL pipeline execution...
[2025-11-29T17:48:28.704+0000] {subprocess.py:93} INFO - Current directory is: /opt/***/etl_scripts
[2025-11-29T17:48:28.704+0000] {subprocess.py:93} INFO - Installing requirements...
[2025-11-29T17:48:29.166+0000] {subprocess.py:93} INFO - Requirement already satisfied: certifi==2025.8.3 in /usr/local/lib/python3.8/site-packages (from -r requirements.txt (line 1)) (2025.8.3)
[2025-11-29T17:48:29.167+0000] {subprocess.py:93} INFO - Requirement already satisfied: charset-normalizer==3.4.3 in /usr/local/lib/python3.8/site-packages (from -r requirements.txt (line 2)) (3.4.3)
[2025-11-29T17:48:29.168+0000] {subprocess.py:93} INFO - Requirement already satisfied: Faker==35.2.2 in /usr/local/lib/python3.8/site-packages (from -r requirements.txt (line 3)) (35.2.2)
[2025-11-29T17:48:29.168+0000] {subprocess.py:93} INFO - Requirement already satisfied: greenlet==2.0.2 in /usr/local/lib/python3.8/site-packages (from -r requirements.txt (line 4)) (2.0.2)
[2025-11-29T17:48:29.168+0000] {subprocess.py:93} INFO - Requirement already satisfied: idna==3.10 in /usr/local/lib/python3.8/site-packages (from -r requirements.txt (line 5)) (3.10)
[2025-11-29T17:48:29.169+0000] {subprocess.py:93} INFO - Requirement already satisfied: kagglehub==0.2.9 in /usr/local/lib/python3.8/site-packages (from -r requirements.txt (line 6)) (0.2.9)
[2025-11-29T17:48:29.169+0000] {subprocess.py:93} INFO - Requirement already satisfied: numpy==1.24.4 in /home/***/.local/lib/python3.8/site-packages (from -r requirements.txt (line 7)) (1.24.4)
[2025-11-29T17:48:29.170+0000] {subprocess.py:93} INFO - Requirement already satisfied: packaging==25.0 in /usr/local/lib/python3.8/site-packages (from -r requirements.txt (line 8)) (25.0)
[2025-11-29T17:48:29.170+0000] {subprocess.py:93} INFO - Requirement already satisfied: pandas==1.5.3 in /usr/local/lib/python3.8/site-packages (from -r requirements.txt (line 9)) (1.5.3)
[2025-11-29T17:48:29.171+0000] {subprocess.py:93} INFO - Requirement already satisfied: psycopg2-binary==2.9.10 in /usr/local/lib/python3.8/site-packages (from -r requirements.txt (line 10)) (2.9.10)
[2025-11-29T17:48:29.171+0000] {subprocess.py:93} INFO - Requirement already satisfied: python-dateutil==2.9.0.post0 in /usr/local/lib/python3.8/site-packages (from -r requirements.txt (line 11)) (2.9.0.post0)
[2025-11-29T17:48:29.171+0000] {subprocess.py:93} INFO - Requirement already satisfied: pytz==2025.2 in /usr/local/lib/python3.8/site-packages (from -r requirements.txt (line 12)) (2025.2)
[2025-11-29T17:48:29.172+0000] {subprocess.py:93} INFO - Requirement already satisfied: PyYAML==6.0.2 in /usr/local/lib/python3.8/site-packages (from -r requirements.txt (line 13)) (6.0.2)
[2025-11-29T17:48:29.172+0000] {subprocess.py:93} INFO - Requirement already satisfied: requests==2.32.4 in /usr/local/lib/python3.8/site-packages (from -r requirements.txt (line 14)) (2.32.4)
[2025-11-29T17:48:29.173+0000] {subprocess.py:93} INFO - Requirement already satisfied: six==1.17.0 in /usr/local/lib/python3.8/site-packages (from -r requirements.txt (line 15)) (1.17.0)
[2025-11-29T17:48:29.174+0000] {subprocess.py:93} INFO - Requirement already satisfied: SQLAlchemy==2.0.43 in /usr/local/lib/python3.8/site-packages (from -r requirements.txt (line 16)) (2.0.43)
[2025-11-29T17:48:29.174+0000] {subprocess.py:93} INFO - Requirement already satisfied: tqdm==4.67.1 in /usr/local/lib/python3.8/site-packages (from -r requirements.txt (line 17)) (4.67.1)
[2025-11-29T17:48:29.175+0000] {subprocess.py:93} INFO - Requirement already satisfied: typing_extensions==4.13.2 in /usr/local/lib/python3.8/site-packages (from -r requirements.txt (line 18)) (4.13.2)
[2025-11-29T17:48:29.176+0000] {subprocess.py:93} INFO - Requirement already satisfied: tzdata==2025.2 in /usr/local/lib/python3.8/site-packages (from -r requirements.txt (line 19)) (2025.2)
[2025-11-29T17:48:29.176+0000] {subprocess.py:93} INFO - Requirement already satisfied: urllib3==2.2.3 in /usr/local/lib/python3.8/site-packages (from -r requirements.txt (line 20)) (2.2.3)
[2025-11-29T17:48:32.266+0000] {subprocess.py:93} INFO - WARNING: Running pip as the 'root' user can result in broken permissions and conflicting behaviour with the system package manager. It is recommended to use a virtual environment instead: https://pip.pypa.io/warnings/venv
[2025-11-29T17:48:32.283+0000] {subprocess.py:93} INFO - 
[2025-11-29T17:48:32.283+0000] {subprocess.py:93} INFO - [notice] A new release of pip is available: 23.0.1 -> 25.0.1
[2025-11-29T17:48:32.284+0000] {subprocess.py:93} INFO - [notice] To update, run: pip3 install --upgrade pip
[2025-11-29T17:48:32.385+0000] {subprocess.py:93} INFO - Starting main.py script...
[2025-11-29T17:48:33.924+0000] {subprocess.py:93} INFO - All tables truncated successfully
[2025-11-29T17:48:33.925+0000] {subprocess.py:93} INFO - Warning: Looks like you're using an outdated `kagglehub` version, please consider updating (latest version: 0.3.13)
[2025-11-29T18:06:08.426+0000] {subprocess.py:93} INFO - Exception in thread Thread-7:
[2025-11-29T18:06:08.428+0000] {subprocess.py:93} INFO - Traceback (most recent call last):
[2025-11-29T18:06:08.428+0000] {subprocess.py:93} INFO -   File "/usr/local/lib/python3.8/site-packages/urllib3/connectionpool.py", line 789, in urlopen
[2025-11-29T18:06:08.428+0000] {subprocess.py:93} INFO -     response = self._make_request(
[2025-11-29T18:06:08.428+0000] {subprocess.py:93} INFO -   File "/usr/local/lib/python3.8/site-packages/urllib3/connectionpool.py", line 490, in _make_request
[2025-11-29T18:06:08.428+0000] {subprocess.py:93} INFO -     raise new_e
[2025-11-29T18:06:08.428+0000] {subprocess.py:93} INFO -   File "/usr/local/lib/python3.8/site-packages/urllib3/connectionpool.py", line 466, in _make_request
[2025-11-29T18:06:08.428+0000] {subprocess.py:93} INFO -     self._validate_conn(conn)
[2025-11-29T18:06:08.428+0000] {subprocess.py:93} INFO -   File "/usr/local/lib/python3.8/site-packages/urllib3/connectionpool.py", line 1095, in _validate_conn
[2025-11-29T18:06:08.428+0000] {subprocess.py:93} INFO -     conn.connect()
[2025-11-29T18:06:08.429+0000] {subprocess.py:93} INFO -   File "/usr/local/lib/python3.8/site-packages/urllib3/connection.py", line 730, in connect
[2025-11-29T18:06:08.429+0000] {subprocess.py:93} INFO -     sock_and_verified = _ssl_wrap_socket_and_match_hostname(
[2025-11-29T18:06:08.429+0000] {subprocess.py:93} INFO -   File "/usr/local/lib/python3.8/site-packages/urllib3/connection.py", line 909, in _ssl_wrap_socket_and_match_hostname
[2025-11-29T18:06:08.429+0000] {subprocess.py:93} INFO -     ssl_sock = ssl_wrap_socket(
[2025-11-29T18:06:08.429+0000] {subprocess.py:93} INFO -   File "/usr/local/lib/python3.8/site-packages/urllib3/util/ssl_.py", line 469, in ssl_wrap_socket
[2025-11-29T18:06:08.429+0000] {subprocess.py:93} INFO -     ssl_sock = _ssl_wrap_socket_impl(sock, context, tls_in_tls, server_hostname)
[2025-11-29T18:06:08.429+0000] {subprocess.py:93} INFO -   File "/usr/local/lib/python3.8/site-packages/urllib3/util/ssl_.py", line 513, in _ssl_wrap_socket_impl
[2025-11-29T18:06:08.429+0000] {subprocess.py:93} INFO -     return ssl_context.wrap_socket(sock, server_hostname=server_hostname)
[2025-11-29T18:06:08.429+0000] {subprocess.py:93} INFO -   File "/usr/local/lib/python3.8/ssl.py", line 500, in wrap_socket
[2025-11-29T18:06:08.430+0000] {subprocess.py:93} INFO -     return self.sslsocket_class._create(
[2025-11-29T18:06:08.430+0000] {subprocess.py:93} INFO -   File "/usr/local/lib/python3.8/ssl.py", line 1073, in _create
[2025-11-29T18:06:08.430+0000] {subprocess.py:93} INFO -     self.do_handshake()
[2025-11-29T18:06:08.430+0000] {subprocess.py:93} INFO -   File "/usr/local/lib/python3.8/ssl.py", line 1342, in do_handshake
[2025-11-29T18:06:08.430+0000] {subprocess.py:93} INFO -     self._sslobj.do_handshake()
[2025-11-29T18:06:08.430+0000] {subprocess.py:93} INFO - TimeoutError: [Errno 110] Connection timed out
[2025-11-29T18:06:08.430+0000] {subprocess.py:93} INFO - 
[2025-11-29T18:06:08.430+0000] {subprocess.py:93} INFO - During handling of the above exception, another exception occurred:
[2025-11-29T18:06:08.430+0000] {subprocess.py:93} INFO - 
[2025-11-29T18:06:08.431+0000] {subprocess.py:93} INFO - Traceback (most recent call last):
[2025-11-29T18:06:08.431+0000] {subprocess.py:93} INFO -   File "/usr/local/lib/python3.8/site-packages/requests/adapters.py", line 667, in send
[2025-11-29T18:06:08.431+0000] {subprocess.py:93} INFO -     resp = conn.urlopen(
[2025-11-29T18:06:08.431+0000] {subprocess.py:93} INFO -   File "/usr/local/lib/python3.8/site-packages/urllib3/connectionpool.py", line 843, in urlopen
[2025-11-29T18:06:08.431+0000] {subprocess.py:93} INFO -     retries = retries.increment(
[2025-11-29T18:06:08.431+0000] {subprocess.py:93} INFO -   File "/usr/local/lib/python3.8/site-packages/urllib3/util/retry.py", line 474, in increment
[2025-11-29T18:06:08.431+0000] {subprocess.py:93} INFO -     raise reraise(type(error), error, _stacktrace)
[2025-11-29T18:06:08.431+0000] {subprocess.py:93} INFO -   File "/usr/local/lib/python3.8/site-packages/urllib3/util/util.py", line 38, in reraise
[2025-11-29T18:06:08.431+0000] {subprocess.py:93} INFO -     raise value.with_traceback(tb)
[2025-11-29T18:06:08.431+0000] {subprocess.py:93} INFO -   File "/usr/local/lib/python3.8/site-packages/urllib3/connectionpool.py", line 789, in urlopen
[2025-11-29T18:06:08.431+0000] {subprocess.py:93} INFO -     response = self._make_request(
[2025-11-29T18:06:08.431+0000] {subprocess.py:93} INFO -   File "/usr/local/lib/python3.8/site-packages/urllib3/connectionpool.py", line 490, in _make_request
[2025-11-29T18:06:08.431+0000] {subprocess.py:93} INFO -     raise new_e
[2025-11-29T18:06:08.431+0000] {subprocess.py:93} INFO -   File "/usr/local/lib/python3.8/site-packages/urllib3/connectionpool.py", line 466, in _make_request
[2025-11-29T18:06:08.431+0000] {subprocess.py:93} INFO -     self._validate_conn(conn)
[2025-11-29T18:06:08.431+0000] {subprocess.py:93} INFO -   File "/usr/local/lib/python3.8/site-packages/urllib3/connectionpool.py", line 1095, in _validate_conn
[2025-11-29T18:06:08.431+0000] {subprocess.py:93} INFO -     conn.connect()
[2025-11-29T18:06:08.432+0000] {subprocess.py:93} INFO -   File "/usr/local/lib/python3.8/site-packages/urllib3/connection.py", line 730, in connect
[2025-11-29T18:06:08.432+0000] {subprocess.py:93} INFO -     sock_and_verified = _ssl_wrap_socket_and_match_hostname(
[2025-11-29T18:06:08.432+0000] {subprocess.py:93} INFO -   File "/usr/local/lib/python3.8/site-packages/urllib3/connection.py", line 909, in _ssl_wrap_socket_and_match_hostname
[2025-11-29T18:06:08.432+0000] {subprocess.py:93} INFO -     ssl_sock = ssl_wrap_socket(
[2025-11-29T18:06:08.432+0000] {subprocess.py:93} INFO -   File "/usr/local/lib/python3.8/site-packages/urllib3/util/ssl_.py", line 469, in ssl_wrap_socket
[2025-11-29T18:06:08.432+0000] {subprocess.py:93} INFO -     ssl_sock = _ssl_wrap_socket_impl(sock, context, tls_in_tls, server_hostname)
[2025-11-29T18:06:08.432+0000] {subprocess.py:93} INFO -   File "/usr/local/lib/python3.8/site-packages/urllib3/util/ssl_.py", line 513, in _ssl_wrap_socket_impl
[2025-11-29T18:06:08.432+0000] {subprocess.py:93} INFO -     return ssl_context.wrap_socket(sock, server_hostname=server_hostname)
[2025-11-29T18:06:08.432+0000] {subprocess.py:93} INFO -   File "/usr/local/lib/python3.8/ssl.py", line 500, in wrap_socket
[2025-11-29T18:06:08.432+0000] {subprocess.py:93} INFO -     return self.sslsocket_class._create(
[2025-11-29T18:06:08.432+0000] {subprocess.py:93} INFO -   File "/usr/local/lib/python3.8/ssl.py", line 1073, in _create
[2025-11-29T18:06:08.432+0000] {subprocess.py:93} INFO -     self.do_handshake()
[2025-11-29T18:06:08.432+0000] {subprocess.py:93} INFO -   File "/usr/local/lib/python3.8/ssl.py", line 1342, in do_handshake
[2025-11-29T18:06:08.432+0000] {subprocess.py:93} INFO -     self._sslobj.do_handshake()
[2025-11-29T18:06:08.432+0000] {subprocess.py:93} INFO - urllib3.exceptions.ProtocolError: ('Connection aborted.', TimeoutError(110, 'Connection timed out'))
[2025-11-29T18:06:08.432+0000] {subprocess.py:93} INFO - 
[2025-11-29T18:06:08.432+0000] {subprocess.py:93} INFO - During handling of the above exception, another exception occurred:
[2025-11-29T18:06:08.432+0000] {subprocess.py:93} INFO - 
[2025-11-29T18:06:08.432+0000] {subprocess.py:93} INFO - Traceback (most recent call last):
[2025-11-29T18:06:08.432+0000] {subprocess.py:93} INFO -   File "/usr/local/lib/python3.8/threading.py", line 932, in _bootstrap_inner
[2025-11-29T18:06:08.432+0000] {subprocess.py:93} INFO -     self.run()
[2025-11-29T18:06:08.432+0000] {subprocess.py:93} INFO -   File "/usr/local/lib/python3.8/threading.py", line 870, in run
[2025-11-29T18:06:08.433+0000] {subprocess.py:93} INFO -     self._target(*self._args, **self._kwargs)
[2025-11-29T18:06:08.433+0000] {subprocess.py:93} INFO -   File "/opt/***/etl_scripts/bronze_layer_workflows.py", line 215, in create_weather
[2025-11-29T18:06:08.433+0000] {subprocess.py:93} INFO -     weather_data = api.get_historical_weather(calender_date, lat,long)
[2025-11-29T18:06:08.433+0000] {subprocess.py:93} INFO -   File "/opt/***/etl_scripts/api.py", line 17, in get_historical_weather
[2025-11-29T18:06:08.433+0000] {subprocess.py:93} INFO -     response = requests.get(constants.meteo_url, params=params)
[2025-11-29T18:06:08.433+0000] {subprocess.py:93} INFO -   File "/usr/local/lib/python3.8/site-packages/requests/api.py", line 73, in get
[2025-11-29T18:06:08.433+0000] {subprocess.py:93} INFO -     return request("get", url, params=params, **kwargs)
[2025-11-29T18:06:08.433+0000] {subprocess.py:93} INFO -   File "/usr/local/lib/python3.8/site-packages/requests/api.py", line 59, in request
[2025-11-29T18:06:08.433+0000] {subprocess.py:93} INFO -     return session.request(method=method, url=url, **kwargs)
[2025-11-29T18:06:08.433+0000] {subprocess.py:93} INFO -   File "/usr/local/lib/python3.8/site-packages/requests/sessions.py", line 589, in request
[2025-11-29T18:06:08.433+0000] {subprocess.py:93} INFO -     resp = self.send(prep, **send_kwargs)
[2025-11-29T18:06:08.433+0000] {subprocess.py:93} INFO -   File "/usr/local/lib/python3.8/site-packages/requests/sessions.py", line 703, in send
[2025-11-29T18:06:08.433+0000] {subprocess.py:93} INFO -     r = adapter.send(request, **kwargs)
[2025-11-29T18:06:08.433+0000] {subprocess.py:93} INFO -   File "/usr/local/lib/python3.8/site-packages/requests/adapters.py", line 682, in send
[2025-11-29T18:06:08.434+0000] {subprocess.py:93} INFO -     raise ConnectionError(err, request=request)
[2025-11-29T18:06:08.434+0000] {subprocess.py:93} INFO - requests.exceptions.ConnectionError: ('Connection aborted.', TimeoutError(110, 'Connection timed out'))
[2025-11-29T18:06:08.434+0000] {subprocess.py:93} INFO - /root/.cache/kagglehub/datasets/usdot/flight-delays/versions/1
[2025-11-29T18:06:08.434+0000] {subprocess.py:93} INFO - AIRPORT_THREAD_STARTED
[2025-11-29T18:06:08.434+0000] {subprocess.py:93} INFO - FLIGHT_THREAD_STARTED
[2025-11-29T18:06:08.434+0000] {subprocess.py:93} INFO - FLIGHT:FLIGHT_SUB_THREAD_HAS_STARTED
[2025-11-29T18:06:08.434+0000] {subprocess.py:93} INFO - FLIGHT:AIRELINE_SUB_THREAD_HAS_STARTED
[2025-11-29T18:06:08.434+0000] {subprocess.py:93} INFO - FLIGHT:AIRLINE_SUB_THREAD_HAS_FINISHED
[2025-11-29T18:06:08.435+0000] {subprocess.py:93} INFO - Chunk 1 written to 'bronze_dim_airport'
[2025-11-29T18:06:08.435+0000] {subprocess.py:93} INFO - Completed writing bronze_dim_airport
[2025-11-29T18:06:08.435+0000] {subprocess.py:93} INFO - FLIGHT:FLIGHT_SUB_THREAD_HAS_FINISHED
[2025-11-29T18:06:08.435+0000] {subprocess.py:93} INFO -       month  day  ...  iata_code                  carrier_name
[2025-11-29T18:06:08.435+0000] {subprocess.py:93} INFO - 0         1    1  ...         AS          Alaska Airlines Inc.
[2025-11-29T18:06:08.435+0000] {subprocess.py:93} INFO - 1         1    1  ...         AA        American Airlines Inc.
[2025-11-29T18:06:08.435+0000] {subprocess.py:93} INFO - 2         1    1  ...         US               US Airways Inc.
[2025-11-29T18:06:08.435+0000] {subprocess.py:93} INFO - 3         1    1  ...         AA        American Airlines Inc.
[2025-11-29T18:06:08.435+0000] {subprocess.py:93} INFO - 4         1    1  ...         AS          Alaska Airlines Inc.
[2025-11-29T18:06:08.436+0000] {subprocess.py:93} INFO - ...     ...  ...  ...        ...                           ...
[2025-11-29T18:06:08.436+0000] {subprocess.py:93} INFO - 9995      1    1  ...         HA        Hawaiian Airlines Inc.
[2025-11-29T18:06:08.436+0000] {subprocess.py:93} INFO - 9996      1    1  ...         MQ  American Eagle Airlines Inc.
[2025-11-29T18:06:08.436+0000] {subprocess.py:93} INFO - 9997      1    1  ...         MQ  American Eagle Airlines Inc.
[2025-11-29T18:06:08.436+0000] {subprocess.py:93} INFO - 9998      1    1  ...         MQ  American Eagle Airlines Inc.
[2025-11-29T18:06:08.436+0000] {subprocess.py:93} INFO - 9999      1    1  ...         MQ  American Eagle Airlines Inc.
[2025-11-29T18:06:08.436+0000] {subprocess.py:93} INFO - 
[2025-11-29T18:06:08.436+0000] {subprocess.py:93} INFO - [10000 rows x 32 columns]
[2025-11-29T18:06:08.436+0000] {subprocess.py:93} INFO - Chunk 1 written to 'bronze_dim_flight'
[2025-11-29T18:06:08.436+0000] {subprocess.py:93} INFO - Completed writing bronze_dim_flight
[2025-11-29T18:06:08.436+0000] {subprocess.py:93} INFO - FLIGHT_THREAD_FINISHED
[2025-11-29T18:06:08.436+0000] {subprocess.py:93} INFO - PASSENGER_THREAD_STARTED
[2025-11-29T18:06:08.437+0000] {subprocess.py:93} INFO - PAYMENT_THREAD_STARTED
[2025-11-29T18:06:08.437+0000] {subprocess.py:93} INFO - TICKET_THREAD_STARTED
[2025-11-29T18:06:08.437+0000] {subprocess.py:93} INFO - BOOKING_THREAD_STARTED
[2025-11-29T18:06:08.437+0000] {subprocess.py:93} INFO - AIRPORT_THREAD_FINISHED
[2025-11-29T18:06:08.437+0000] {subprocess.py:93} INFO - PASSENGER: Progress: 0/1000
[2025-11-29T18:06:08.437+0000] {subprocess.py:93} INFO - PAYMENT: Progress: 0/1000
[2025-11-29T18:06:08.437+0000] {subprocess.py:93} INFO - PASSENGER: Progress: 100/1000
[2025-11-29T18:06:08.437+0000] {subprocess.py:93} INFO - PAYMENT: Progress: 100/1000
[2025-11-29T18:06:08.437+0000] {subprocess.py:93} INFO - PASSENGER: Progress: 200/1000
[2025-11-29T18:06:08.437+0000] {subprocess.py:93} INFO - PAYMENT: Progress: 200/1000
[2025-11-29T18:06:08.437+0000] {subprocess.py:93} INFO - PASSENGER: Progress: 300/1000
[2025-11-29T18:06:08.437+0000] {subprocess.py:93} INFO - PAYMENT: Progress: 300/1000
[2025-11-29T18:06:08.437+0000] {subprocess.py:93} INFO - PASSENGER: Progress: 400/1000
[2025-11-29T18:06:08.437+0000] {subprocess.py:93} INFO - PAYMENT: Progress: 400/1000
[2025-11-29T18:06:08.437+0000] {subprocess.py:93} INFO - PAYMENT: Progress: 500/1000
[2025-11-29T18:06:08.437+0000] {subprocess.py:93} INFO - PASSENGER: Progress: 500/1000
[2025-11-29T18:06:08.437+0000] {subprocess.py:93} INFO - PASSENGER: Progress: 600/1000
[2025-11-29T18:06:08.438+0000] {subprocess.py:93} INFO - PAYMENT: Progress: 600/1000
[2025-11-29T18:06:08.438+0000] {subprocess.py:93} INFO - PAYMENT: Progress: 700/1000
[2025-11-29T18:06:08.438+0000] {subprocess.py:93} INFO - PASSENGER: Progress: 700/1000
[2025-11-29T18:06:08.438+0000] {subprocess.py:93} INFO - PAYMENT: Progress: 800/1000
[2025-11-29T18:06:08.438+0000] {subprocess.py:93} INFO - PAYMENT: Progress: 900/1000
[2025-11-29T18:06:08.438+0000] {subprocess.py:93} INFO - PASSENGER: Progress: 800/1000
[2025-11-29T18:06:08.438+0000] {subprocess.py:93} INFO - PASSENGER: Progress: 900/1000
[2025-11-29T18:06:08.438+0000] {subprocess.py:93} INFO - PASSENGER_THREAD_FINISHED
[2025-11-29T18:06:08.438+0000] {subprocess.py:93} INFO - PAYMENT_THREAD_FINISHED
[2025-11-29T18:06:08.438+0000] {subprocess.py:93} INFO - TICKET_THREAD_FINISHED
[2025-11-29T18:06:08.438+0000] {subprocess.py:93} INFO - BOOKING_THREAD_FINISHED
[2025-11-29T18:06:08.438+0000] {subprocess.py:93} INFO - DATE_THREAD_STARTED
[2025-11-29T18:06:08.439+0000] {subprocess.py:93} INFO - DATE_THREAD_FINISHED
[2025-11-29T18:06:08.439+0000] {subprocess.py:93} INFO - WEATHER_THREAD_STARTED
[2025-11-29T18:06:08.439+0000] {subprocess.py:93} INFO - 1
[2025-11-29T18:06:08.439+0000] {subprocess.py:93} INFO - WEATHER_THREAD_FINISHED
[2025-11-29T18:06:08.605+0000] {subprocess.py:97} INFO - Command exited with return code 0
[2025-11-29T18:06:08.660+0000] {taskinstance.py:1400} INFO - Marking task as SUCCESS. dag_id=flight_etl, task_id=python_etl_pipeline, execution_date=20251129T174722, start_date=20251129T174828, end_date=20251129T180608
[2025-11-29T18:06:08.703+0000] {local_task_job_runner.py:228} INFO - Task exited with return code 0
[2025-11-29T18:06:08.724+0000] {taskinstance.py:2778} INFO - 1 downstream tasks scheduled from follow-on schedule check
