[2025-11-29T16:57:41.262+0000] {taskinstance.py:1159} INFO - Dependencies all met for dep_context=non-requeueable deps ti=<TaskInstance: flight_etl.python_etl_pipeline manual__2025-11-29T16:57:13.414323+00:00 [queued]>
[2025-11-29T16:57:41.268+0000] {taskinstance.py:1159} INFO - Dependencies all met for dep_context=requeueable deps ti=<TaskInstance: flight_etl.python_etl_pipeline manual__2025-11-29T16:57:13.414323+00:00 [queued]>
[2025-11-29T16:57:41.268+0000] {taskinstance.py:1361} INFO - Starting attempt 1 of 1
[2025-11-29T16:57:41.496+0000] {taskinstance.py:1382} INFO - Executing <Task(BashOperator): python_etl_pipeline> on 2025-11-29 16:57:13.414323+00:00
[2025-11-29T16:57:41.503+0000] {standard_task_runner.py:57} INFO - Started process 103 to run task
[2025-11-29T16:57:41.506+0000] {standard_task_runner.py:84} INFO - Running: ['***', 'tasks', 'run', 'flight_etl', 'python_etl_pipeline', 'manual__2025-11-29T16:57:13.414323+00:00', '--job-id', '34', '--raw', '--subdir', 'DAGS_FOLDER/etl-dag.py', '--cfg-path', '/tmp/tmpxntzi2ly']
[2025-11-29T16:57:41.508+0000] {standard_task_runner.py:85} INFO - Job 34: Subtask python_etl_pipeline
[2025-11-29T16:57:41.866+0000] {task_command.py:416} INFO - Running <TaskInstance: flight_etl.python_etl_pipeline manual__2025-11-29T16:57:13.414323+00:00 [running]> on host 074e46dd394a
[2025-11-29T16:57:42.349+0000] {taskinstance.py:1662} INFO - Exporting env vars: AIRFLOW_CTX_DAG_OWNER='***' AIRFLOW_CTX_DAG_ID='flight_etl' AIRFLOW_CTX_TASK_ID='python_etl_pipeline' AIRFLOW_CTX_EXECUTION_DATE='2025-11-29T16:57:13.414323+00:00' AIRFLOW_CTX_TRY_NUMBER='1' AIRFLOW_CTX_DAG_RUN_ID='manual__2025-11-29T16:57:13.414323+00:00'
[2025-11-29T16:57:42.384+0000] {subprocess.py:63} INFO - Tmp dir root location: /tmp
[2025-11-29T16:57:42.385+0000] {subprocess.py:75} INFO - Running command: ['/bin/bash', '-c', '\n            echo "Starting ETL pipeline execution..." &&             cd /opt/***/etl_scripts &&             echo "Current directory is: $(pwd)" &&             echo "Installing requirements..." &&             /usr/local/bin/pip install -r requirements.txt &&             echo "Starting main.py script..." &&             python main.py\n        ']
[2025-11-29T16:57:42.426+0000] {subprocess.py:86} INFO - Output:
[2025-11-29T16:57:42.652+0000] {subprocess.py:93} INFO - Starting ETL pipeline execution...
[2025-11-29T16:57:42.653+0000] {subprocess.py:93} INFO - Current directory is: /opt/***/etl_scripts
[2025-11-29T16:57:42.653+0000] {subprocess.py:93} INFO - Installing requirements...
[2025-11-29T16:57:54.643+0000] {subprocess.py:93} INFO - Collecting certifi==2025.8.3
[2025-11-29T16:57:54.967+0000] {subprocess.py:93} INFO -   Downloading certifi-2025.8.3-py3-none-any.whl (161 kB)
[2025-11-29T16:57:55.243+0000] {subprocess.py:93} INFO -      ━━━━━━━━━━━━━━━━━━━━━━━━━━━━━━━━━━━━━ 161.2/161.2 kB 565.3 kB/s eta 0:00:00
[2025-11-29T16:57:55.717+0000] {subprocess.py:93} INFO - Collecting charset-normalizer==3.4.3
[2025-11-29T16:57:55.833+0000] {subprocess.py:93} INFO -   Downloading charset_normalizer-3.4.3-cp38-cp38-manylinux2014_x86_64.manylinux_2_17_x86_64.manylinux_2_28_x86_64.whl (147 kB)
[2025-11-29T16:57:56.084+0000] {subprocess.py:93} INFO -      ━━━━━━━━━━━━━━━━━━━━━━━━━━━━━━━━━━━━━ 147.4/147.4 kB 551.9 kB/s eta 0:00:00
[2025-11-29T16:57:56.507+0000] {subprocess.py:93} INFO - Collecting Faker==35.2.2
[2025-11-29T16:57:56.734+0000] {subprocess.py:93} INFO -   Downloading Faker-35.2.2-py3-none-any.whl (1.9 MB)
[2025-11-29T16:57:57.509+0000] {subprocess.py:93} INFO -      ━━━━━━━━━━━━━━━━━━━━━━━━━━━━━━━━━━━━━━━━ 1.9/1.9 MB 2.5 MB/s eta 0:00:00
[2025-11-29T16:57:58.073+0000] {subprocess.py:93} INFO - ERROR: Ignored the following versions that require a different python version: 3.2.0 Requires-Python >=3.9; 3.2.1 Requires-Python >=3.9; 3.2.2 Requires-Python >=3.9; 3.2.3 Requires-Python >=3.9; 3.2.4 Requires-Python >=3.9; 36.0.0 Requires-Python >=3.9; 36.1.0 Requires-Python >=3.9; 36.1.1 Requires-Python >=3.9; 36.2.0 Requires-Python >=3.9; 36.2.1 Requires-Python >=3.9; 36.2.2 Requires-Python >=3.9; 36.2.3 Requires-Python >=3.9; 37.0.0 Requires-Python >=3.9; 37.0.1 Requires-Python >=3.9; 37.0.2 Requires-Python >=3.9; 37.1.0 Requires-Python >=3.9; 37.1.1 Requires-Python >=3.9; 37.11.0 Requires-Python >=3.9; 37.12.0 Requires-Python >=3.9; 37.2.0 Requires-Python >=3.9; 37.2.1 Requires-Python >=3.9; 37.3.0 Requires-Python >=3.9; 37.4.0 Requires-Python >=3.9; 37.4.1 Requires-Python >=3.9; 37.4.2 Requires-Python >=3.9; 37.4.3 Requires-Python >=3.9; 37.5.0 Requires-Python >=3.9; 37.5.1 Requires-Python >=3.9; 37.5.2 Requires-Python >=3.9; 37.5.3 Requires-Python >=3.9; 37.6.0 Requires-Python >=3.9; 37.7.0 Requires-Python >=3.9; 37.8.0 Requires-Python >=3.9; 37.9.0 Requires-Python >=3.9; 38.0.0 Requires-Python >=3.10; 38.1.0 Requires-Python >=3.10; 38.2.0 Requires-Python >=3.10
[2025-11-29T16:57:58.073+0000] {subprocess.py:93} INFO - ERROR: Could not find a version that satisfies the requirement greenlet==3.2.4 (from versions: 0.1, 0.2, 0.3, 0.3.1, 0.3.2, 0.3.3, 0.3.4, 0.4.0, 0.4.1, 0.4.2, 0.4.3, 0.4.4, 0.4.5, 0.4.6, 0.4.7, 0.4.9, 0.4.10, 0.4.11, 0.4.12, 0.4.13, 0.4.14, 0.4.15, 0.4.16, 0.4.17, 1.0a1, 1.0.0, 1.1.0, 1.1.1, 1.1.2, 1.1.3, 1.1.3.post0, 2.0.0a1, 2.0.0a2, 2.0.0rc1, 2.0.0rc2, 2.0.0rc3, 2.0.0rc4, 2.0.0rc5, 2.0.0, 2.0.0.post0, 2.0.1, 2.0.2, 3.0.0a1, 3.0.0rc1, 3.0.0rc2, 3.0.0rc3, 3.0.0, 3.0.1, 3.0.2, 3.0.3, 3.1.0, 3.1.1)
[2025-11-29T16:57:58.073+0000] {subprocess.py:93} INFO - ERROR: No matching distribution found for greenlet==3.2.4
[2025-11-29T16:57:59.315+0000] {subprocess.py:93} INFO - 
[2025-11-29T16:57:59.320+0000] {subprocess.py:93} INFO - [notice] A new release of pip is available: 23.0.1 -> 25.0.1
[2025-11-29T16:57:59.320+0000] {subprocess.py:93} INFO - [notice] To update, run: pip3 install --upgrade pip
[2025-11-29T16:58:00.123+0000] {subprocess.py:97} INFO - Command exited with return code 1
[2025-11-29T16:58:00.212+0000] {taskinstance.py:1937} ERROR - Task failed with exception
Traceback (most recent call last):
  File "/home/airflow/.local/lib/python3.8/site-packages/airflow/operators/bash.py", line 210, in execute
    raise AirflowException(
airflow.exceptions.AirflowException: Bash command failed. The command returned a non-zero exit code 1.
[2025-11-29T16:58:00.325+0000] {taskinstance.py:1400} INFO - Marking task as FAILED. dag_id=flight_etl, task_id=python_etl_pipeline, execution_date=20251129T165713, start_date=20251129T165741, end_date=20251129T165800
[2025-11-29T16:58:00.660+0000] {standard_task_runner.py:104} ERROR - Failed to execute job 34 for task python_etl_pipeline (Bash command failed. The command returned a non-zero exit code 1.; 103)
[2025-11-29T16:58:00.707+0000] {local_task_job_runner.py:228} INFO - Task exited with return code 1
[2025-11-29T16:58:00.780+0000] {taskinstance.py:2778} INFO - 0 downstream tasks scheduled from follow-on schedule check
