[2025-11-29T18:20:27.980+0000] {taskinstance.py:1159} INFO - Dependencies all met for dep_context=non-requeueable deps ti=<TaskInstance: flight_etl.python_etl_pipeline manual__2025-11-29T18:20:25.558316+00:00 [queued]>
[2025-11-29T18:20:27.989+0000] {taskinstance.py:1159} INFO - Dependencies all met for dep_context=requeueable deps ti=<TaskInstance: flight_etl.python_etl_pipeline manual__2025-11-29T18:20:25.558316+00:00 [queued]>
[2025-11-29T18:20:27.989+0000] {taskinstance.py:1361} INFO - Starting attempt 1 of 1
[2025-11-29T18:20:28.004+0000] {taskinstance.py:1382} INFO - Executing <Task(BashOperator): python_etl_pipeline> on 2025-11-29 18:20:25.558316+00:00
[2025-11-29T18:20:28.009+0000] {standard_task_runner.py:57} INFO - Started process 265 to run task
[2025-11-29T18:20:28.014+0000] {standard_task_runner.py:84} INFO - Running: ['***', 'tasks', 'run', 'flight_etl', 'python_etl_pipeline', 'manual__2025-11-29T18:20:25.558316+00:00', '--job-id', '109', '--raw', '--subdir', 'DAGS_FOLDER/etl-dag.py', '--cfg-path', '/tmp/tmpp18f9sey']
[2025-11-29T18:20:28.015+0000] {standard_task_runner.py:85} INFO - Job 109: Subtask python_etl_pipeline
[2025-11-29T18:20:28.059+0000] {task_command.py:416} INFO - Running <TaskInstance: flight_etl.python_etl_pipeline manual__2025-11-29T18:20:25.558316+00:00 [running]> on host de85a2875cf6
[2025-11-29T18:20:28.323+0000] {taskinstance.py:1662} INFO - Exporting env vars: AIRFLOW_CTX_DAG_OWNER='***' AIRFLOW_CTX_DAG_ID='flight_etl' AIRFLOW_CTX_TASK_ID='python_etl_pipeline' AIRFLOW_CTX_EXECUTION_DATE='2025-11-29T18:20:25.558316+00:00' AIRFLOW_CTX_TRY_NUMBER='1' AIRFLOW_CTX_DAG_RUN_ID='manual__2025-11-29T18:20:25.558316+00:00'
[2025-11-29T18:20:28.326+0000] {subprocess.py:63} INFO - Tmp dir root location: /tmp
[2025-11-29T18:20:28.326+0000] {subprocess.py:75} INFO - Running command: ['/bin/bash', '-c', '\n            echo "Starting ETL pipeline execution..." &&             cd /opt/***/etl_scripts &&             echo "Current directory is: $(pwd)" &&             echo "Installing requirements..." &&             /usr/local/bin/pip install -r requirements.txt &&             echo "Starting main.py script..." &&             python main.py\n        ']
[2025-11-29T18:20:28.365+0000] {subprocess.py:86} INFO - Output:
[2025-11-29T18:20:28.374+0000] {subprocess.py:93} INFO - Starting ETL pipeline execution...
[2025-11-29T18:20:28.375+0000] {subprocess.py:93} INFO - Current directory is: /opt/***/etl_scripts
[2025-11-29T18:20:28.375+0000] {subprocess.py:93} INFO - Installing requirements...
[2025-11-29T18:20:28.993+0000] {subprocess.py:93} INFO - Requirement already satisfied: certifi==2025.8.3 in /usr/local/lib/python3.8/site-packages (from -r requirements.txt (line 1)) (2025.8.3)
[2025-11-29T18:20:28.994+0000] {subprocess.py:93} INFO - Requirement already satisfied: charset-normalizer==3.4.3 in /usr/local/lib/python3.8/site-packages (from -r requirements.txt (line 2)) (3.4.3)
[2025-11-29T18:20:28.995+0000] {subprocess.py:93} INFO - Requirement already satisfied: Faker==35.2.2 in /usr/local/lib/python3.8/site-packages (from -r requirements.txt (line 3)) (35.2.2)
[2025-11-29T18:20:28.995+0000] {subprocess.py:93} INFO - Requirement already satisfied: greenlet==2.0.2 in /usr/local/lib/python3.8/site-packages (from -r requirements.txt (line 4)) (2.0.2)
[2025-11-29T18:20:28.996+0000] {subprocess.py:93} INFO - Requirement already satisfied: idna==3.10 in /usr/local/lib/python3.8/site-packages (from -r requirements.txt (line 5)) (3.10)
[2025-11-29T18:20:28.996+0000] {subprocess.py:93} INFO - Requirement already satisfied: kagglehub==0.2.9 in /usr/local/lib/python3.8/site-packages (from -r requirements.txt (line 6)) (0.2.9)
[2025-11-29T18:20:28.997+0000] {subprocess.py:93} INFO - Requirement already satisfied: numpy==1.24.4 in /home/***/.local/lib/python3.8/site-packages (from -r requirements.txt (line 7)) (1.24.4)
[2025-11-29T18:20:28.997+0000] {subprocess.py:93} INFO - Requirement already satisfied: packaging==25.0 in /usr/local/lib/python3.8/site-packages (from -r requirements.txt (line 8)) (25.0)
[2025-11-29T18:20:28.997+0000] {subprocess.py:93} INFO - Requirement already satisfied: pandas==1.5.3 in /usr/local/lib/python3.8/site-packages (from -r requirements.txt (line 9)) (1.5.3)
[2025-11-29T18:20:28.998+0000] {subprocess.py:93} INFO - Requirement already satisfied: psycopg2-binary==2.9.10 in /usr/local/lib/python3.8/site-packages (from -r requirements.txt (line 10)) (2.9.10)
[2025-11-29T18:20:28.998+0000] {subprocess.py:93} INFO - Requirement already satisfied: python-dateutil==2.9.0.post0 in /usr/local/lib/python3.8/site-packages (from -r requirements.txt (line 11)) (2.9.0.post0)
[2025-11-29T18:20:28.999+0000] {subprocess.py:93} INFO - Requirement already satisfied: pytz==2025.2 in /usr/local/lib/python3.8/site-packages (from -r requirements.txt (line 12)) (2025.2)
[2025-11-29T18:20:28.999+0000] {subprocess.py:93} INFO - Requirement already satisfied: PyYAML==6.0.2 in /usr/local/lib/python3.8/site-packages (from -r requirements.txt (line 13)) (6.0.2)
[2025-11-29T18:20:29.000+0000] {subprocess.py:93} INFO - Requirement already satisfied: requests==2.32.4 in /usr/local/lib/python3.8/site-packages (from -r requirements.txt (line 14)) (2.32.4)
[2025-11-29T18:20:29.000+0000] {subprocess.py:93} INFO - Requirement already satisfied: six==1.17.0 in /usr/local/lib/python3.8/site-packages (from -r requirements.txt (line 15)) (1.17.0)
[2025-11-29T18:20:29.000+0000] {subprocess.py:93} INFO - Requirement already satisfied: SQLAlchemy==2.0.43 in /usr/local/lib/python3.8/site-packages (from -r requirements.txt (line 16)) (2.0.43)
[2025-11-29T18:20:29.001+0000] {subprocess.py:93} INFO - Requirement already satisfied: tqdm==4.67.1 in /usr/local/lib/python3.8/site-packages (from -r requirements.txt (line 17)) (4.67.1)
[2025-11-29T18:20:29.001+0000] {subprocess.py:93} INFO - Requirement already satisfied: typing_extensions==4.13.2 in /usr/local/lib/python3.8/site-packages (from -r requirements.txt (line 18)) (4.13.2)
[2025-11-29T18:20:29.002+0000] {subprocess.py:93} INFO - Requirement already satisfied: tzdata==2025.2 in /usr/local/lib/python3.8/site-packages (from -r requirements.txt (line 19)) (2025.2)
[2025-11-29T18:20:29.002+0000] {subprocess.py:93} INFO - Requirement already satisfied: urllib3==2.2.3 in /usr/local/lib/python3.8/site-packages (from -r requirements.txt (line 20)) (2.2.3)
[2025-11-29T18:20:31.885+0000] {subprocess.py:93} INFO - WARNING: Running pip as the 'root' user can result in broken permissions and conflicting behaviour with the system package manager. It is recommended to use a virtual environment instead: https://pip.pypa.io/warnings/venv
[2025-11-29T18:20:31.890+0000] {subprocess.py:93} INFO - 
[2025-11-29T18:20:31.891+0000] {subprocess.py:93} INFO - [notice] A new release of pip is available: 23.0.1 -> 25.0.1
[2025-11-29T18:20:31.891+0000] {subprocess.py:93} INFO - [notice] To update, run: pip3 install --upgrade pip
[2025-11-29T18:20:31.979+0000] {subprocess.py:93} INFO - Starting main.py script...
[2025-11-29T18:25:51.582+0000] {subprocess.py:93} INFO - Traceback (most recent call last):
[2025-11-29T18:25:51.584+0000] {subprocess.py:93} INFO -   File "/usr/local/lib/python3.8/site-packages/sqlalchemy/engine/base.py", line 1967, in _exec_single_context
[2025-11-29T18:25:51.584+0000] {subprocess.py:93} INFO -     self.dialect.do_execute(
[2025-11-29T18:25:51.584+0000] {subprocess.py:93} INFO -   File "/usr/local/lib/python3.8/site-packages/sqlalchemy/engine/default.py", line 951, in do_execute
[2025-11-29T18:25:51.584+0000] {subprocess.py:93} INFO -     cursor.execute(statement, parameters)
[2025-11-29T18:25:51.584+0000] {subprocess.py:93} INFO - psycopg2.OperationalError: server closed the connection unexpectedly
[2025-11-29T18:25:51.584+0000] {subprocess.py:93} INFO - 	This probably means the server terminated abnormally
[2025-11-29T18:25:51.585+0000] {subprocess.py:93} INFO - 	before or while processing the request.
[2025-11-29T18:25:51.585+0000] {subprocess.py:93} INFO - 
[2025-11-29T18:25:51.585+0000] {subprocess.py:93} INFO - 
[2025-11-29T18:25:51.585+0000] {subprocess.py:93} INFO - The above exception was the direct cause of the following exception:
[2025-11-29T18:25:51.585+0000] {subprocess.py:93} INFO - 
[2025-11-29T18:25:51.585+0000] {subprocess.py:93} INFO - Traceback (most recent call last):
[2025-11-29T18:25:51.585+0000] {subprocess.py:93} INFO -   File "main.py", line 10, in <module>
[2025-11-29T18:25:51.586+0000] {subprocess.py:93} INFO -     common.truncate_all_tables(engine)
[2025-11-29T18:25:51.586+0000] {subprocess.py:93} INFO -   File "/opt/***/etl_scripts/common.py", line 77, in truncate_all_tables
[2025-11-29T18:25:51.586+0000] {subprocess.py:93} INFO -     connection.execute(text(f"TRUNCATE TABLE {table_name}"))
[2025-11-29T18:25:51.586+0000] {subprocess.py:93} INFO -   File "/usr/local/lib/python3.8/site-packages/sqlalchemy/engine/base.py", line 1419, in execute
[2025-11-29T18:25:51.586+0000] {subprocess.py:93} INFO -     return meth(
[2025-11-29T18:25:51.586+0000] {subprocess.py:93} INFO -   File "/usr/local/lib/python3.8/site-packages/sqlalchemy/sql/elements.py", line 526, in _execute_on_connection
[2025-11-29T18:25:51.586+0000] {subprocess.py:93} INFO -     return connection._execute_clauseelement(
[2025-11-29T18:25:51.586+0000] {subprocess.py:93} INFO -   File "/usr/local/lib/python3.8/site-packages/sqlalchemy/engine/base.py", line 1641, in _execute_clauseelement
[2025-11-29T18:25:51.587+0000] {subprocess.py:93} INFO -     ret = self._execute_context(
[2025-11-29T18:25:51.587+0000] {subprocess.py:93} INFO -   File "/usr/local/lib/python3.8/site-packages/sqlalchemy/engine/base.py", line 1846, in _execute_context
[2025-11-29T18:25:51.587+0000] {subprocess.py:93} INFO -     return self._exec_single_context(
[2025-11-29T18:25:51.587+0000] {subprocess.py:93} INFO -   File "/usr/local/lib/python3.8/site-packages/sqlalchemy/engine/base.py", line 1986, in _exec_single_context
[2025-11-29T18:25:51.587+0000] {subprocess.py:93} INFO -     self._handle_dbapi_exception(
[2025-11-29T18:25:51.587+0000] {subprocess.py:93} INFO -   File "/usr/local/lib/python3.8/site-packages/sqlalchemy/engine/base.py", line 2355, in _handle_dbapi_exception
[2025-11-29T18:25:51.587+0000] {subprocess.py:93} INFO -     raise sqlalchemy_exception.with_traceback(exc_info[2]) from e
[2025-11-29T18:25:51.587+0000] {subprocess.py:93} INFO -   File "/usr/local/lib/python3.8/site-packages/sqlalchemy/engine/base.py", line 1967, in _exec_single_context
[2025-11-29T18:25:51.587+0000] {subprocess.py:93} INFO -     self.dialect.do_execute(
[2025-11-29T18:25:51.588+0000] {subprocess.py:93} INFO -   File "/usr/local/lib/python3.8/site-packages/sqlalchemy/engine/default.py", line 951, in do_execute
[2025-11-29T18:25:51.588+0000] {subprocess.py:93} INFO -     cursor.execute(statement, parameters)
[2025-11-29T18:25:51.588+0000] {subprocess.py:93} INFO - sqlalchemy.exc.OperationalError: (psycopg2.OperationalError) server closed the connection unexpectedly
[2025-11-29T18:25:51.588+0000] {subprocess.py:93} INFO - 	This probably means the server terminated abnormally
[2025-11-29T18:25:51.588+0000] {subprocess.py:93} INFO - 	before or while processing the request.
[2025-11-29T18:25:51.588+0000] {subprocess.py:93} INFO - 
[2025-11-29T18:25:51.588+0000] {subprocess.py:93} INFO - [SQL: TRUNCATE TABLE bronze_dim_airport]
[2025-11-29T18:25:51.588+0000] {subprocess.py:93} INFO - (Background on this error at: https://sqlalche.me/e/20/e3q8)
[2025-11-29T18:25:52.501+0000] {subprocess.py:97} INFO - Command exited with return code 1
[2025-11-29T18:25:52.519+0000] {taskinstance.py:1937} ERROR - Task failed with exception
Traceback (most recent call last):
  File "/home/airflow/.local/lib/python3.8/site-packages/airflow/operators/bash.py", line 210, in execute
    raise AirflowException(
airflow.exceptions.AirflowException: Bash command failed. The command returned a non-zero exit code 1.
[2025-11-29T18:25:52.524+0000] {taskinstance.py:1400} INFO - Marking task as FAILED. dag_id=flight_etl, task_id=python_etl_pipeline, execution_date=20251129T182025, start_date=20251129T182027, end_date=20251129T182552
[2025-11-29T18:25:52.544+0000] {standard_task_runner.py:104} ERROR - Failed to execute job 109 for task python_etl_pipeline (Bash command failed. The command returned a non-zero exit code 1.; 265)
[2025-11-29T18:25:52.589+0000] {local_task_job_runner.py:228} INFO - Task exited with return code 1
[2025-11-29T18:25:52.606+0000] {taskinstance.py:2778} INFO - 0 downstream tasks scheduled from follow-on schedule check
