[2025-11-29T16:52:03.727+0000] {taskinstance.py:1159} INFO - Dependencies all met for dep_context=non-requeueable deps ti=<TaskInstance: flight_etl.python_etl_pipeline manual__2025-11-29T16:51:55.016103+00:00 [queued]>
[2025-11-29T16:52:03.734+0000] {taskinstance.py:1159} INFO - Dependencies all met for dep_context=requeueable deps ti=<TaskInstance: flight_etl.python_etl_pipeline manual__2025-11-29T16:51:55.016103+00:00 [queued]>
[2025-11-29T16:52:03.735+0000] {taskinstance.py:1361} INFO - Starting attempt 1 of 1
[2025-11-29T16:52:03.752+0000] {taskinstance.py:1382} INFO - Executing <Task(BashOperator): python_etl_pipeline> on 2025-11-29 16:51:55.016103+00:00
[2025-11-29T16:52:03.763+0000] {standard_task_runner.py:57} INFO - Started process 452 to run task
[2025-11-29T16:52:03.766+0000] {standard_task_runner.py:84} INFO - Running: ['***', 'tasks', 'run', 'flight_etl', 'python_etl_pipeline', 'manual__2025-11-29T16:51:55.016103+00:00', '--job-id', '27', '--raw', '--subdir', 'DAGS_FOLDER/etl-dag.py', '--cfg-path', '/tmp/tmpiexag50e']
[2025-11-29T16:52:03.769+0000] {standard_task_runner.py:85} INFO - Job 27: Subtask python_etl_pipeline
[2025-11-29T16:52:03.823+0000] {task_command.py:416} INFO - Running <TaskInstance: flight_etl.python_etl_pipeline manual__2025-11-29T16:51:55.016103+00:00 [running]> on host 5931b37b6588
[2025-11-29T16:52:03.881+0000] {taskinstance.py:1662} INFO - Exporting env vars: AIRFLOW_CTX_DAG_OWNER='***' AIRFLOW_CTX_DAG_ID='flight_etl' AIRFLOW_CTX_TASK_ID='python_etl_pipeline' AIRFLOW_CTX_EXECUTION_DATE='2025-11-29T16:51:55.016103+00:00' AIRFLOW_CTX_TRY_NUMBER='1' AIRFLOW_CTX_DAG_RUN_ID='manual__2025-11-29T16:51:55.016103+00:00'
[2025-11-29T16:52:03.883+0000] {subprocess.py:63} INFO - Tmp dir root location: /tmp
[2025-11-29T16:52:03.884+0000] {subprocess.py:75} INFO - Running command: ['/bin/bash', '-c', '\n            echo "Starting ETL pipeline execution..." &&             cd /opt/***/etl_scripts &&             echo "Current directory is: $(pwd)" &&             echo "Installing requirements..." &&             /usr/local/bin/pip install -r requirements.txt &&             echo "Starting main.py script..." &&             python main.py\n        ']
[2025-11-29T16:52:03.895+0000] {subprocess.py:86} INFO - Output:
[2025-11-29T16:52:03.898+0000] {subprocess.py:93} INFO - Starting ETL pipeline execution...
[2025-11-29T16:52:03.898+0000] {subprocess.py:93} INFO - Current directory is: /opt/***/etl_scripts
[2025-11-29T16:52:03.899+0000] {subprocess.py:93} INFO - Installing requirements...
[2025-11-29T16:52:05.701+0000] {subprocess.py:93} INFO - Collecting certifi==2025.8.3
[2025-11-29T16:52:05.935+0000] {subprocess.py:93} INFO -   Downloading certifi-2025.8.3-py3-none-any.whl (161 kB)
[2025-11-29T16:52:06.223+0000] {subprocess.py:93} INFO -      ━━━━━━━━━━━━━━━━━━━━━━━━━━━━━━━━━━━━━ 161.2/161.2 kB 549.0 kB/s eta 0:00:00
[2025-11-29T16:52:06.644+0000] {subprocess.py:93} INFO - Collecting charset-normalizer==3.4.3
[2025-11-29T16:52:06.881+0000] {subprocess.py:93} INFO -   Downloading charset_normalizer-3.4.3-cp38-cp38-manylinux2014_x86_64.manylinux_2_17_x86_64.manylinux_2_28_x86_64.whl (147 kB)
[2025-11-29T16:52:07.024+0000] {subprocess.py:93} INFO -      ━━━━━━━━━━━━━━━━━━━━━━━━━━━━━━━━━━━━━ 147.4/147.4 kB 982.4 kB/s eta 0:00:00
[2025-11-29T16:52:07.815+0000] {subprocess.py:93} INFO - ERROR: Ignored the following versions that require a different python version: 36.0.0 Requires-Python >=3.9; 36.1.0 Requires-Python >=3.9; 36.1.1 Requires-Python >=3.9; 36.2.0 Requires-Python >=3.9; 36.2.1 Requires-Python >=3.9; 36.2.2 Requires-Python >=3.9; 36.2.3 Requires-Python >=3.9; 37.0.0 Requires-Python >=3.9; 37.0.1 Requires-Python >=3.9; 37.0.2 Requires-Python >=3.9; 37.1.0 Requires-Python >=3.9; 37.1.1 Requires-Python >=3.9; 37.11.0 Requires-Python >=3.9; 37.12.0 Requires-Python >=3.9; 37.2.0 Requires-Python >=3.9; 37.2.1 Requires-Python >=3.9; 37.3.0 Requires-Python >=3.9; 37.4.0 Requires-Python >=3.9; 37.4.1 Requires-Python >=3.9; 37.4.2 Requires-Python >=3.9; 37.4.3 Requires-Python >=3.9; 37.5.0 Requires-Python >=3.9; 37.5.1 Requires-Python >=3.9; 37.5.2 Requires-Python >=3.9; 37.5.3 Requires-Python >=3.9; 37.6.0 Requires-Python >=3.9; 37.7.0 Requires-Python >=3.9; 37.8.0 Requires-Python >=3.9; 37.9.0 Requires-Python >=3.9; 38.0.0 Requires-Python >=3.10; 38.1.0 Requires-Python >=3.10; 38.2.0 Requires-Python >=3.10
[2025-11-29T16:52:07.815+0000] {subprocess.py:93} INFO - ERROR: Could not find a version that satisfies the requirement Faker==37.8.0 (from versions: 0.0.2, 0.0.3, 0.0.4, 0.1.0, 0.1.1, 0.1.2, 0.1.3, 0.1.4, 0.7.0, 0.7.1, 0.7.3, 0.7.4, 0.7.5, 0.7.6, 0.7.7, 0.7.8, 0.7.9, 0.7.10, 0.7.11, 0.7.12, 0.7.13, 0.7.14, 0.7.15, 0.7.16, 0.7.17, 0.7.18, 0.8.0, 0.8.1, 0.8.2, 0.8.3, 0.8.4, 0.8.5, 0.8.6, 0.8.7, 0.8.8, 0.8.9, 0.8.10, 0.8.11, 0.8.12, 0.8.13, 0.8.14, 0.8.15, 0.8.16, 0.8.17, 0.8.18, 0.9.0, 0.9.1, 0.9.2, 0.9.3, 1.0.0, 1.0.1, 1.0.2, 1.0.3, 1.0.4, 1.0.5, 1.0.6, 1.0.7, 1.0.8, 2.0.0, 2.0.1, 2.0.2, 2.0.3, 2.0.4, 2.0.5, 3.0.0, 3.0.1, 4.0.0, 4.0.1, 4.0.2, 4.0.3, 4.1.0, 4.1.1, 4.1.2, 4.1.3, 4.1.4, 4.1.5, 4.1.6, 4.1.7, 4.1.8, 4.2.0, 4.3.0, 4.4.0, 4.5.0, 4.6.0, 4.7.0, 4.8.0, 4.9.0, 4.10.0, 4.11.0, 4.12.0, 4.13.0, 4.14.0, 4.14.1, 4.14.2, 4.15.0, 4.16.0, 4.17.0, 4.17.1, 4.18.0, 5.0.0, 5.0.1, 5.0.2, 5.1.0, 5.2.0, 5.3.0, 5.4.0, 5.4.1, 5.5.0, 5.5.1, 5.6.0, 5.6.1, 5.6.2, 5.6.3, 5.6.4, 5.6.5, 5.7.0, 5.8.0, 6.0.0, 6.1.0, 6.1.1, 6.2.0, 6.3.0, 6.4.0, 6.4.1, 6.5.0, 6.5.1, 6.5.2, 6.6.0, 6.6.1, 6.6.2, 6.6.3, 7.0.0, 7.0.1, 8.0.0, 8.1.0, 8.1.1, 8.1.2, 8.1.3, 8.1.4, 8.2.0, 8.2.1, 8.3.0, 8.4.0, 8.5.0, 8.5.1, 8.6.0, 8.7.0, 8.8.0, 8.8.1, 8.8.2, 8.9.0, 8.9.1, 8.10.0, 8.10.1, 8.10.2, 8.10.3, 8.11.0, 8.12.0, 8.12.1, 8.12.2, 8.12.3, 8.13.0, 8.13.1, 8.13.2, 8.14.0, 8.14.1, 8.14.2, 8.15.0, 8.16.0, 9.0.0, 9.0.1, 9.1.0, 9.2.0, 9.3.0, 9.3.1, 9.4.0, 9.5.0, 9.5.1, 9.5.2, 9.5.3, 9.6.0, 9.7.0, 9.7.1, 9.8.0, 9.8.1, 9.8.2, 9.8.3, 9.8.4, 9.9.0, 9.9.1, 10.0.0, 11.0.0, 11.1.0, 11.2.0, 11.3.0, 11.4.0, 12.0.0, 12.0.1, 12.1.0, 12.2.0, 12.3.0, 12.3.1, 12.3.2, 12.3.3, 13.0.0, 13.1.0, 13.2.0, 13.3.0, 13.3.1, 13.3.2, 13.3.3, 13.3.4, 13.3.5, 13.4.0, 13.5.0, 13.6.0, 13.7.0, 13.8.0, 13.9.0, 13.10.0, 13.11.0, 13.11.1, 13.12.0, 13.12.1, 13.13.0, 13.13.1, 13.14.0, 13.15.0, 13.15.1, 13.16.0, 14.0.0, 14.1.0, 14.1.1, 14.1.2, 14.2.0, 14.2.1, 15.0.0, 15.1.0, 15.1.1, 15.1.2, 15.1.3, 15.1.4, 15.1.5, 15.2.0, 15.3.0, 15.3.1, 15.3.2, 15.3.3, 15.3.4, 16.0.0, 16.0.1, 16.1.0, 16.2.0, 16.3.0, 16.4.0, 16.5.0, 16.6.0, 16.6.1, 16.7.0, 16.7.1, 16.8.0, 16.8.1, 16.9.0, 17.0.0, 17.1.0, 17.2.0, 17.3.0, 17.4.0, 17.5.0, 17.6.0, 18.0.0, 18.1.0, 18.2.0, 18.2.1, 18.3.0, 18.3.1, 18.3.2, 18.3.3, 18.3.4, 18.4.0, 18.5.0, 18.5.1, 18.6.0, 18.6.1, 18.6.2, 18.7.0, 18.8.0, 18.9.0, 18.9.1, 18.10.0, 18.10.1, 18.11.0, 18.11.1, 18.11.2, 18.12.0, 18.13.0, 19.0.0, 19.1.0, 19.2.0, 19.3.0, 19.3.1, 19.4.0, 19.5.0, 19.6.0, 19.6.1, 19.6.2, 19.7.0, 19.8.0, 19.8.1, 19.9.0, 19.9.1, 19.10.0, 19.11.0, 19.11.1, 19.12.0, 19.12.1, 19.13.0, 20.0.0, 20.0.1, 20.0.2, 20.0.3, 20.1.0, 21.0.0, 21.0.1, 22.0.0, 22.1.0, 22.2.0, 22.3.0, 22.4.0, 22.5.0, 22.5.1, 22.6.0, 22.7.0, 23.0.0, 23.1.0, 23.2.0, 23.2.1, 23.3.0, 24.0.0, 24.1.0, 24.1.1, 24.2.0, 24.2.1, 24.3.0, 24.4.0, 24.5.0, 24.6.0, 24.7.0, 24.7.1, 24.8.0, 24.9.0, 24.10.0, 24.11.0, 24.12.0, 24.13.0, 24.14.0, 24.14.1, 25.0.0, 25.0.1, 25.1.0, 25.2.0, 25.3.0, 25.4.0, 25.5.0, 25.6.0, 25.7.0, 25.8.0, 25.9.0, 25.9.1, 25.9.2, 26.0.0, 26.1.0, 26.2.0, 26.3.0, 27.0.0, 27.1.0, 27.2.0, 27.3.0, 27.4.0, 28.0.0, 28.1.0, 28.2.0, 28.3.0, 28.4.0, 28.4.1, 29.0.0, 30.0.0, 30.1.0, 30.2.0, 30.3.0, 30.4.0, 30.5.0, 30.6.0, 30.7.0, 30.8.0, 30.8.1, 30.8.2, 30.9.0, 30.10.0, 31.0.0, 32.0.0, 32.1.0, 33.0.0, 33.1.0, 33.1.1, 33.1.2, 33.1.3, 33.2.0, 33.3.0, 33.3.1, 34.0.0, 34.0.1, 34.0.2, 35.0.0, 35.1.0, 35.2.0, 35.2.1, 35.2.2)
[2025-11-29T16:52:07.815+0000] {subprocess.py:93} INFO - ERROR: No matching distribution found for Faker==37.8.0
[2025-11-29T16:52:08.777+0000] {subprocess.py:93} INFO - 
[2025-11-29T16:52:08.778+0000] {subprocess.py:93} INFO - [notice] A new release of pip is available: 23.0.1 -> 25.0.1
[2025-11-29T16:52:08.778+0000] {subprocess.py:93} INFO - [notice] To update, run: pip3 install --upgrade pip
[2025-11-29T16:52:08.940+0000] {subprocess.py:97} INFO - Command exited with return code 1
[2025-11-29T16:52:08.955+0000] {taskinstance.py:1937} ERROR - Task failed with exception
Traceback (most recent call last):
  File "/home/airflow/.local/lib/python3.8/site-packages/airflow/operators/bash.py", line 210, in execute
    raise AirflowException(
airflow.exceptions.AirflowException: Bash command failed. The command returned a non-zero exit code 1.
[2025-11-29T16:52:08.988+0000] {taskinstance.py:1400} INFO - Marking task as FAILED. dag_id=flight_etl, task_id=python_etl_pipeline, execution_date=20251129T165155, start_date=20251129T165203, end_date=20251129T165208
[2025-11-29T16:52:09.013+0000] {standard_task_runner.py:104} ERROR - Failed to execute job 27 for task python_etl_pipeline (Bash command failed. The command returned a non-zero exit code 1.; 452)
[2025-11-29T16:52:09.049+0000] {local_task_job_runner.py:228} INFO - Task exited with return code 1
[2025-11-29T16:52:09.072+0000] {taskinstance.py:2778} INFO - 0 downstream tasks scheduled from follow-on schedule check
