[2025-11-29T15:15:33.304+0000] {taskinstance.py:1159} INFO - Dependencies all met for dep_context=non-requeueable deps ti=<TaskInstance: flight_etl.call_bronze_procedure manual__2025-11-29T15:15:22.422442+00:00 [queued]>
[2025-11-29T15:15:33.317+0000] {taskinstance.py:1159} INFO - Dependencies all met for dep_context=requeueable deps ti=<TaskInstance: flight_etl.call_bronze_procedure manual__2025-11-29T15:15:22.422442+00:00 [queued]>
[2025-11-29T15:15:33.317+0000] {taskinstance.py:1361} INFO - Starting attempt 1 of 1
[2025-11-29T15:15:33.480+0000] {taskinstance.py:1382} INFO - Executing <Task(PythonOperator): call_bronze_procedure> on 2025-11-29 15:15:22.422442+00:00
[2025-11-29T15:15:33.510+0000] {standard_task_runner.py:57} INFO - Started process 83 to run task
[2025-11-29T15:15:33.516+0000] {standard_task_runner.py:84} INFO - Running: ['***', 'tasks', 'run', 'flight_etl', 'call_bronze_procedure', 'manual__2025-11-29T15:15:22.422442+00:00', '--job-id', '4', '--raw', '--subdir', 'DAGS_FOLDER/etl-dag.py', '--cfg-path', '/tmp/tmpkr95o1dr']
[2025-11-29T15:15:33.520+0000] {standard_task_runner.py:85} INFO - Job 4: Subtask call_bronze_procedure
[2025-11-29T15:15:33.725+0000] {task_command.py:416} INFO - Running <TaskInstance: flight_etl.call_bronze_procedure manual__2025-11-29T15:15:22.422442+00:00 [running]> on host b1c2b52c2d18
[2025-11-29T15:15:34.141+0000] {taskinstance.py:1662} INFO - Exporting env vars: AIRFLOW_CTX_DAG_OWNER='***' AIRFLOW_CTX_DAG_ID='flight_etl' AIRFLOW_CTX_TASK_ID='call_bronze_procedure' AIRFLOW_CTX_EXECUTION_DATE='2025-11-29T15:15:22.422442+00:00' AIRFLOW_CTX_TRY_NUMBER='1' AIRFLOW_CTX_DAG_RUN_ID='manual__2025-11-29T15:15:22.422442+00:00'
[2025-11-29T15:15:34.146+0000] {crypto.py:82} WARNING - empty cryptography key - values will not be stored encrypted.
[2025-11-29T15:15:34.146+0000] {base.py:73} INFO - Using connection ID 'depi_db' for task execution.
[2025-11-29T15:17:02.022+0000] {local_task_job_runner.py:294} WARNING - State of this instance has been externally set to restarting. Terminating instance.
[2025-11-29T15:17:02.024+0000] {process_utils.py:131} INFO - Sending 15 to group 83. PIDs of all processes in the group: [83]
[2025-11-29T15:17:02.024+0000] {process_utils.py:86} INFO - Sending the signal 15 to group 83
[2025-11-29T15:17:50.387+0000] {taskinstance.py:1632} ERROR - Received SIGTERM. Terminating subprocesses.
[2025-11-29T15:17:50.405+0000] {taskinstance.py:1937} ERROR - Task failed with exception
Traceback (most recent call last):
  File "/home/airflow/.local/lib/python3.8/site-packages/airflow/models/taskinstance.py", line 1681, in _execute_task_with_callbacks
    result = self._execute_task(context, task_orig)
  File "/home/airflow/.local/lib/python3.8/site-packages/airflow/models/taskinstance.py", line 1744, in _execute_task
    result = execute_callable(context=context, **execute_callable_kwargs)
  File "/home/airflow/.local/lib/python3.8/site-packages/airflow/operators/python.py", line 192, in execute
    return_value = self.execute_callable()
  File "/home/airflow/.local/lib/python3.8/site-packages/airflow/operators/python.py", line 209, in execute_callable
    return self.python_callable(*self.op_args, **self.op_kwargs)
  File "/opt/airflow/dags/etl-dag.py", line 12, in call_procedure
    conn = hook.get_conn()
  File "/home/airflow/.local/lib/python3.8/site-packages/airflow/providers/postgres/hooks/postgres.py", line 155, in get_conn
    self.conn = psycopg2.connect(**conn_args)
  File "/home/airflow/.local/lib/python3.8/site-packages/psycopg2/__init__.py", line 122, in connect
    conn = _connect(dsn, connection_factory=connection_factory, **kwasync)
psycopg2.OperationalError: connection to server at "dwh-***" (172.19.0.5), port 5432 failed: Connection timed out
	Is the server running on that host and accepting TCP/IP connections?


During handling of the above exception, another exception occurred:

Traceback (most recent call last):
  File "/home/airflow/.local/lib/python3.8/site-packages/airflow/models/taskinstance.py", line 1518, in _run_raw_task
    self._execute_task_with_callbacks(context, test_mode, session=session)
  File "/home/airflow/.local/lib/python3.8/site-packages/airflow/models/taskinstance.py", line 1681, in _execute_task_with_callbacks
    result = self._execute_task(context, task_orig)
  File "/home/airflow/.local/lib/python3.8/site-packages/airflow/models/taskinstance.py", line 1634, in signal_handler
    raise AirflowException("Task received SIGTERM signal")
airflow.exceptions.AirflowException: Task received SIGTERM signal
[2025-11-29T15:17:50.426+0000] {taskinstance.py:1400} INFO - Marking task as UP_FOR_RETRY. dag_id=flight_etl, task_id=call_bronze_procedure, execution_date=20251129T151522, start_date=20251129T151533, end_date=20251129T151750
[2025-11-29T15:17:50.493+0000] {standard_task_runner.py:104} ERROR - Failed to execute job 4 for task call_bronze_procedure (Task received SIGTERM signal; 83)
[2025-11-29T15:17:50.523+0000] {process_utils.py:79} INFO - Process psutil.Process(pid=83, status='terminated', exitcode=1, started='15:15:33') (83) terminated with exit code 1
