[2025-11-29T17:11:26.604+0000] {taskinstance.py:1159} INFO - Dependencies all met for dep_context=non-requeueable deps ti=<TaskInstance: flight_etl.python_etl_pipeline manual__2025-11-29T17:11:19.331703+00:00 [queued]>
[2025-11-29T17:11:26.610+0000] {taskinstance.py:1159} INFO - Dependencies all met for dep_context=requeueable deps ti=<TaskInstance: flight_etl.python_etl_pipeline manual__2025-11-29T17:11:19.331703+00:00 [queued]>
[2025-11-29T17:11:26.611+0000] {taskinstance.py:1361} INFO - Starting attempt 1 of 1
[2025-11-29T17:11:26.637+0000] {taskinstance.py:1382} INFO - Executing <Task(BashOperator): python_etl_pipeline> on 2025-11-29 17:11:19.331703+00:00
[2025-11-29T17:11:26.643+0000] {standard_task_runner.py:57} INFO - Started process 387 to run task
[2025-11-29T17:11:26.647+0000] {standard_task_runner.py:84} INFO - Running: ['***', 'tasks', 'run', 'flight_etl', 'python_etl_pipeline', 'manual__2025-11-29T17:11:19.331703+00:00', '--job-id', '59', '--raw', '--subdir', 'DAGS_FOLDER/etl-dag.py', '--cfg-path', '/tmp/tmpnk1mlbow']
[2025-11-29T17:11:26.649+0000] {standard_task_runner.py:85} INFO - Job 59: Subtask python_etl_pipeline
[2025-11-29T17:11:26.685+0000] {task_command.py:416} INFO - Running <TaskInstance: flight_etl.python_etl_pipeline manual__2025-11-29T17:11:19.331703+00:00 [running]> on host 074e46dd394a
[2025-11-29T17:11:26.741+0000] {taskinstance.py:1662} INFO - Exporting env vars: AIRFLOW_CTX_DAG_OWNER='***' AIRFLOW_CTX_DAG_ID='flight_etl' AIRFLOW_CTX_TASK_ID='python_etl_pipeline' AIRFLOW_CTX_EXECUTION_DATE='2025-11-29T17:11:19.331703+00:00' AIRFLOW_CTX_TRY_NUMBER='1' AIRFLOW_CTX_DAG_RUN_ID='manual__2025-11-29T17:11:19.331703+00:00'
[2025-11-29T17:11:26.743+0000] {subprocess.py:63} INFO - Tmp dir root location: /tmp
[2025-11-29T17:11:26.743+0000] {subprocess.py:75} INFO - Running command: ['/bin/bash', '-c', '\n            echo "Starting ETL pipeline execution..." &&             cd /opt/***/etl_scripts &&             echo "Current directory is: $(pwd)" &&             echo "Installing requirements..." &&             /usr/local/bin/pip install -r requirements.txt &&             echo "Starting main.py script..." &&             python main.py\n        ']
[2025-11-29T17:11:26.755+0000] {subprocess.py:86} INFO - Output:
[2025-11-29T17:11:26.766+0000] {subprocess.py:93} INFO - Starting ETL pipeline execution...
[2025-11-29T17:11:26.766+0000] {subprocess.py:93} INFO - Current directory is: /opt/***/etl_scripts
[2025-11-29T17:11:26.767+0000] {subprocess.py:93} INFO - Installing requirements...
[2025-11-29T17:11:28.189+0000] {subprocess.py:93} INFO - Collecting certifi==2025.8.3
[2025-11-29T17:11:28.192+0000] {subprocess.py:93} INFO -   Using cached certifi-2025.8.3-py3-none-any.whl (161 kB)
[2025-11-29T17:11:28.396+0000] {subprocess.py:93} INFO - Collecting charset-normalizer==3.4.3
[2025-11-29T17:11:28.398+0000] {subprocess.py:93} INFO -   Using cached charset_normalizer-3.4.3-cp38-cp38-manylinux2014_x86_64.manylinux_2_17_x86_64.manylinux_2_28_x86_64.whl (147 kB)
[2025-11-29T17:11:28.577+0000] {subprocess.py:93} INFO - Collecting Faker==35.2.2
[2025-11-29T17:11:28.586+0000] {subprocess.py:93} INFO -   Using cached Faker-35.2.2-py3-none-any.whl (1.9 MB)
[2025-11-29T17:11:28.892+0000] {subprocess.py:93} INFO - Collecting greenlet==2.0.2
[2025-11-29T17:11:28.895+0000] {subprocess.py:93} INFO -   Using cached greenlet-2.0.2-cp38-cp38-manylinux_2_17_x86_64.manylinux2014_x86_64.whl (618 kB)
[2025-11-29T17:11:28.966+0000] {subprocess.py:93} INFO - Collecting idna==3.10
[2025-11-29T17:11:28.968+0000] {subprocess.py:93} INFO -   Using cached idna-3.10-py3-none-any.whl (70 kB)
[2025-11-29T17:11:29.062+0000] {subprocess.py:93} INFO - Collecting kagglehub==0.2.9
[2025-11-29T17:11:29.064+0000] {subprocess.py:93} INFO -   Using cached kagglehub-0.2.9-py3-none-any.whl (39 kB)
[2025-11-29T17:11:29.066+0000] {subprocess.py:93} INFO - Requirement already satisfied: numpy==1.24.4 in /home/***/.local/lib/python3.8/site-packages (from -r requirements.txt (line 7)) (1.24.4)
[2025-11-29T17:11:29.149+0000] {subprocess.py:93} INFO - Collecting packaging==25.0
[2025-11-29T17:11:29.151+0000] {subprocess.py:93} INFO -   Using cached packaging-25.0-py3-none-any.whl (66 kB)
[2025-11-29T17:11:29.390+0000] {subprocess.py:93} INFO - Collecting pandas==1.5.3
[2025-11-29T17:11:29.424+0000] {subprocess.py:93} INFO -   Using cached pandas-1.5.3-cp38-cp38-manylinux_2_17_x86_64.manylinux2014_x86_64.whl (12.2 MB)
[2025-11-29T17:11:29.641+0000] {subprocess.py:93} INFO - Collecting psycopg2-binary==2.9.10
[2025-11-29T17:11:29.650+0000] {subprocess.py:93} INFO -   Using cached psycopg2_binary-2.9.10-cp38-cp38-manylinux_2_17_x86_64.manylinux2014_x86_64.whl (3.0 MB)
[2025-11-29T17:11:29.732+0000] {subprocess.py:93} INFO - Collecting python-dateutil==2.9.0.post0
[2025-11-29T17:11:29.734+0000] {subprocess.py:93} INFO -   Using cached python_dateutil-2.9.0.post0-py2.py3-none-any.whl (229 kB)
[2025-11-29T17:11:29.833+0000] {subprocess.py:93} INFO - Collecting pytz==2025.2
[2025-11-29T17:11:29.842+0000] {subprocess.py:93} INFO -   Using cached pytz-2025.2-py2.py3-none-any.whl (509 kB)
[2025-11-29T17:11:29.971+0000] {subprocess.py:93} INFO - Collecting PyYAML==6.0.2
[2025-11-29T17:11:29.973+0000] {subprocess.py:93} INFO -   Using cached PyYAML-6.0.2-cp38-cp38-manylinux_2_17_x86_64.manylinux2014_x86_64.whl (746 kB)
[2025-11-29T17:11:30.085+0000] {subprocess.py:93} INFO - Collecting requests==2.32.4
[2025-11-29T17:11:30.343+0000] {subprocess.py:93} INFO -   Downloading requests-2.32.4-py3-none-any.whl (64 kB)
[2025-11-29T17:11:30.423+0000] {subprocess.py:93} INFO -      ━━━━━━━━━━━━━━━━━━━━━━━━━━━━━━━━━━━━━━━ 64.8/64.8 kB 705.8 kB/s eta 0:00:00
[2025-11-29T17:11:30.504+0000] {subprocess.py:93} INFO - Collecting six==1.17.0
[2025-11-29T17:11:30.571+0000] {subprocess.py:93} INFO -   Downloading six-1.17.0-py2.py3-none-any.whl (11 kB)
[2025-11-29T17:11:31.337+0000] {subprocess.py:93} INFO - Collecting SQLAlchemy==2.0.43
[2025-11-29T17:11:31.488+0000] {subprocess.py:93} INFO -   Downloading sqlalchemy-2.0.43-cp38-cp38-manylinux_2_17_x86_64.manylinux2014_x86_64.whl (3.2 MB)
[2025-11-29T17:11:32.556+0000] {subprocess.py:93} INFO -      ━━━━━━━━━━━━━━━━━━━━━━━━━━━━━━━━━━━━━━━━ 3.2/3.2 MB 3.0 MB/s eta 0:00:00
[2025-11-29T17:11:32.689+0000] {subprocess.py:93} INFO - Collecting tqdm==4.67.1
[2025-11-29T17:11:32.757+0000] {subprocess.py:93} INFO -   Downloading tqdm-4.67.1-py3-none-any.whl (78 kB)
[2025-11-29T17:11:32.781+0000] {subprocess.py:93} INFO -      ━━━━━━━━━━━━━━━━━━━━━━━━━━━━━━━━━━━━━━━━ 78.5/78.5 kB 3.4 MB/s eta 0:00:00
[2025-11-29T17:11:32.872+0000] {subprocess.py:93} INFO - ERROR: Ignored the following versions that require a different python version: 0.3.0 Requires-Python >=3.9; 0.3.1 Requires-Python >=3.9; 0.3.10 Requires-Python >=3.9; 0.3.11 Requires-Python >=3.9; 0.3.12 Requires-Python >=3.9; 0.3.13 Requires-Python >=3.9; 0.3.2 Requires-Python >=3.9; 0.3.3 Requires-Python >=3.9; 0.3.4 Requires-Python >=3.9; 0.3.5 Requires-Python >=3.9; 0.3.6 Requires-Python >=3.9; 0.3.7 Requires-Python >=3.9; 0.3.8 Requires-Python >=3.9; 0.3.9 Requires-Python >=3.9; 2.1.0 Requires-Python >=3.9; 2.1.0rc0 Requires-Python >=3.9; 2.1.1 Requires-Python >=3.9; 2.1.2 Requires-Python >=3.9; 2.1.3 Requires-Python >=3.9; 2.1.4 Requires-Python >=3.9; 2.2.0 Requires-Python >=3.9; 2.2.0rc0 Requires-Python >=3.9; 2.2.1 Requires-Python >=3.9; 2.2.2 Requires-Python >=3.9; 2.2.3 Requires-Python >=3.9; 2.3.0 Requires-Python >=3.9; 2.3.1 Requires-Python >=3.9; 2.3.2 Requires-Python >=3.9; 2.3.3 Requires-Python >=3.9; 2.32.5 Requires-Python >=3.9; 2.9.11 Requires-Python >=3.9; 3.2.0 Requires-Python >=3.9; 3.2.1 Requires-Python >=3.9; 3.2.2 Requires-Python >=3.9; 3.2.3 Requires-Python >=3.9; 3.2.4 Requires-Python >=3.9; 36.0.0 Requires-Python >=3.9; 36.1.0 Requires-Python >=3.9; 36.1.1 Requires-Python >=3.9; 36.2.0 Requires-Python >=3.9; 36.2.1 Requires-Python >=3.9; 36.2.2 Requires-Python >=3.9; 36.2.3 Requires-Python >=3.9; 37.0.0 Requires-Python >=3.9; 37.0.1 Requires-Python >=3.9; 37.0.2 Requires-Python >=3.9; 37.1.0 Requires-Python >=3.9; 37.1.1 Requires-Python >=3.9; 37.11.0 Requires-Python >=3.9; 37.12.0 Requires-Python >=3.9; 37.2.0 Requires-Python >=3.9; 37.2.1 Requires-Python >=3.9; 37.3.0 Requires-Python >=3.9; 37.4.0 Requires-Python >=3.9; 37.4.1 Requires-Python >=3.9; 37.4.2 Requires-Python >=3.9; 37.4.3 Requires-Python >=3.9; 37.5.0 Requires-Python >=3.9; 37.5.1 Requires-Python >=3.9; 37.5.2 Requires-Python >=3.9; 37.5.3 Requires-Python >=3.9; 37.6.0 Requires-Python >=3.9; 37.7.0 Requires-Python >=3.9; 37.8.0 Requires-Python >=3.9; 37.9.0 Requires-Python >=3.9; 38.0.0 Requires-Python >=3.10; 38.1.0 Requires-Python >=3.10; 38.2.0 Requires-Python >=3.10; 4.14.0 Requires-Python >=3.9; 4.14.0rc1 Requires-Python >=3.9; 4.14.1 Requires-Python >=3.9; 4.15.0 Requires-Python >=3.9; 4.15.0rc1 Requires-Python >=3.9
[2025-11-29T17:11:32.872+0000] {subprocess.py:93} INFO - ERROR: Could not find a version that satisfies the requirement typing_extensions==4.15.0 (from versions: 3.6.2, 3.6.2.1, 3.6.5, 3.6.6, 3.7.2, 3.7.4, 3.7.4.1, 3.7.4.2, 3.7.4.3, 3.10.0.0, 3.10.0.1, 3.10.0.2, 4.0.0, 4.0.1, 4.1.0, 4.1.1, 4.2.0, 4.3.0, 4.4.0, 4.5.0, 4.6.0, 4.6.1, 4.6.2, 4.6.3, 4.7.0rc1, 4.7.0, 4.7.1, 4.8.0rc1, 4.8.0, 4.9.0rc1, 4.9.0, 4.10.0rc1, 4.10.0, 4.11.0rc1, 4.11.0, 4.12.0a2, 4.12.0rc1, 4.12.0, 4.12.1, 4.12.2, 4.13.0rc1, 4.13.0, 4.13.1, 4.13.2)
[2025-11-29T17:11:32.872+0000] {subprocess.py:93} INFO - ERROR: No matching distribution found for typing_extensions==4.15.0
[2025-11-29T17:11:32.878+0000] {subprocess.py:93} INFO - 
[2025-11-29T17:11:32.879+0000] {subprocess.py:93} INFO - [notice] A new release of pip is available: 23.0.1 -> 25.0.1
[2025-11-29T17:11:32.879+0000] {subprocess.py:93} INFO - [notice] To update, run: pip3 install --upgrade pip
[2025-11-29T17:11:33.030+0000] {subprocess.py:97} INFO - Command exited with return code 1
[2025-11-29T17:11:33.038+0000] {taskinstance.py:1937} ERROR - Task failed with exception
Traceback (most recent call last):
  File "/home/airflow/.local/lib/python3.8/site-packages/airflow/operators/bash.py", line 210, in execute
    raise AirflowException(
airflow.exceptions.AirflowException: Bash command failed. The command returned a non-zero exit code 1.
[2025-11-29T17:11:33.049+0000] {taskinstance.py:1400} INFO - Marking task as FAILED. dag_id=flight_etl, task_id=python_etl_pipeline, execution_date=20251129T171119, start_date=20251129T171126, end_date=20251129T171133
[2025-11-29T17:11:33.073+0000] {standard_task_runner.py:104} ERROR - Failed to execute job 59 for task python_etl_pipeline (Bash command failed. The command returned a non-zero exit code 1.; 387)
[2025-11-29T17:11:33.105+0000] {local_task_job_runner.py:228} INFO - Task exited with return code 1
[2025-11-29T17:11:33.125+0000] {taskinstance.py:2778} INFO - 0 downstream tasks scheduled from follow-on schedule check
